2024-07-30 09:38:16.103 +08:00 [INF] User profile is available. Using 'C:\Users\jameson\AppData\Local\ASP.NET\DataProtection-Keys' as key repository and Windows DPAPI to encrypt keys at rest.
2024-07-30 09:38:16.658 +08:00 [INF] Now listening on: https://localhost:7025
2024-07-30 09:38:16.661 +08:00 [INF] Now listening on: http://localhost:5003
2024-07-30 09:38:16.666 +08:00 [INF] Application started. Press Ctrl+C to shut down.
2024-07-30 09:38:16.668 +08:00 [INF] Hosting environment: Development
2024-07-30 09:38:16.670 +08:00 [INF] Content root path: C:\Users\jameson\source\repos\ShinetechFZ\orchard_saas_admin\OrchardCore.Cms.SaasAdmin\src\Blazor.Admin.Web
2024-07-30 09:38:20.001 +08:00 [INF] Request starting HTTP/2 GET https://localhost:7025/ - null null
2024-07-30 09:38:20.209 +08:00 [INF] Executing endpoint '/ (/)'
2024-07-30 09:38:20.475 +08:00 [INF] Executed endpoint '/ (/)'
2024-07-30 09:38:20.478 +08:00 [INF] Request starting HTTP/2 GET https://localhost:7025/Blazor.Admin.Web.styles.css - null null
2024-07-30 09:38:20.478 +08:00 [INF] Request starting HTTP/2 GET https://localhost:7025/app.css - null null
2024-07-30 09:38:20.494 +08:00 [INF] Request starting HTTP/2 GET https://localhost:7025/_content/MagicPropsComponents/css/font-awesome.css - null null
2024-07-30 09:38:20.478 +08:00 [INF] Request starting HTTP/2 GET https://localhost:7025/bootstrap/bootstrap.min.css - null null
2024-07-30 09:38:20.488 +08:00 [INF] Request starting HTTP/2 GET https://localhost:7025/_content/MagicPropsComponents/libs/bootstrap/css/bootstrap.min.css - null null
2024-07-30 09:38:20.522 +08:00 [INF] Request finished HTTP/2 GET https://localhost:7025/ - 200 null text/html; charset=utf-8 525.1472ms
2024-07-30 09:38:20.498 +08:00 [INF] Request starting HTTP/2 GET https://localhost:7025/_content/MagicPropsComponents/svgs/svgcss.css - null null
2024-07-30 09:38:20.508 +08:00 [INF] Request starting HTTP/2 GET https://localhost:7025/_content/MagicPropsComponents/js/shared.js - null null
2024-07-30 09:38:20.516 +08:00 [INF] Request starting HTTP/2 GET https://localhost:7025/_content/MagicPropsComponents/libs/bootstrap/js/bootstrap.bundle.min.js - null null
2024-07-30 09:38:20.563 +08:00 [INF] Request starting HTTP/2 GET https://localhost:7025/_content/MagicPropsComponents/libs/jquery/jquery-ui.min.js - null null
2024-07-30 09:38:20.563 +08:00 [INF] Request starting HTTP/2 GET https://localhost:7025/_content/MagicPropsComponents/libs/jquery/jquery.min.js - null null
2024-07-30 09:38:20.564 +08:00 [INF] Request starting HTTP/2 GET https://localhost:7025/_content/MagicPropsComponents/components/datagrid/mpdatagrid.js - null null
2024-07-30 09:38:20.571 +08:00 [INF] Request starting HTTP/2 GET https://localhost:7025/_content/MagicPropsComponents/css/themes/default.css - null null
2024-07-30 09:38:20.566 +08:00 [INF] Request starting HTTP/2 GET https://localhost:7025/css/theme.css - null null
2024-07-30 09:38:20.568 +08:00 [INF] Sending file. Request path: '/app.css'. Physical path: 'C:\Users\jameson\source\repos\ShinetechFZ\orchard_saas_admin\OrchardCore.Cms.SaasAdmin\src\Blazor.Admin.Web\wwwroot\app.css'
2024-07-30 09:38:20.634 +08:00 [INF] Request starting HTTP/2 GET https://localhost:7025/_content/MagicPropsComponents/components/popup/popup.js - null null
2024-07-30 09:38:20.636 +08:00 [INF] Sending file. Request path: '/_content/MagicPropsComponents/components/datagrid/mpdatagrid.js'. Physical path: 'C:\Users\jameson\source\repos\ShinetechFZ\orchard_saas_admin\OrchardCore.Cms.SaasAdmin\MagicPropsComponents\wwwroot\components\datagrid\mpdatagrid.js'
2024-07-30 09:38:20.636 +08:00 [INF] Request finished HTTP/2 GET https://localhost:7025/app.css - 200 2591 text/css 158.4608ms
2024-07-30 09:38:20.648 +08:00 [INF] Request finished HTTP/2 GET https://localhost:7025/_content/MagicPropsComponents/components/datagrid/mpdatagrid.js - 200 469 text/javascript 84.5656ms
2024-07-30 09:38:20.641 +08:00 [INF] Request starting HTTP/2 GET https://localhost:7025/_content/MagicPropsComponents/components/modal/modal.js - null null
2024-07-30 09:38:20.659 +08:00 [INF] Request starting HTTP/2 GET https://localhost:7025/_content/MagicPropsComponents/components/input/input.js - null null
2024-07-30 09:38:20.670 +08:00 [INF] Request starting HTTP/2 GET https://localhost:7025/_content/MagicPropsComponents/components/draggabledroppable.js - null null
2024-07-30 09:38:20.677 +08:00 [INF] Request starting HTTP/2 GET https://localhost:7025/js/shared.js - null null
2024-07-30 09:38:20.665 +08:00 [INF] Request starting HTTP/2 GET https://localhost:7025/_content/MagicPropsComponents/components/toast/toast.js - null null
2024-07-30 09:38:20.703 +08:00 [INF] Sending file. Request path: '/_content/MagicPropsComponents/components/modal/modal.js'. Physical path: 'C:\Users\jameson\source\repos\ShinetechFZ\orchard_saas_admin\OrchardCore.Cms.SaasAdmin\MagicPropsComponents\wwwroot\components\modal\modal.js'
2024-07-30 09:38:20.690 +08:00 [INF] Request starting HTTP/2 GET https://localhost:7025/_content/MagicPropsComponents/components/mppivottable/pivottable.js - null null
2024-07-30 09:38:20.708 +08:00 [INF] Sending file. Request path: '/_content/MagicPropsComponents/components/input/input.js'. Physical path: 'C:\Users\jameson\source\repos\ShinetechFZ\orchard_saas_admin\OrchardCore.Cms.SaasAdmin\MagicPropsComponents\wwwroot\components\input\input.js'
2024-07-30 09:38:20.725 +08:00 [INF] Request starting HTTP/2 GET https://localhost:7025/_framework/blazor.web.js - null null
2024-07-30 09:38:20.714 +08:00 [INF] Request finished HTTP/2 GET https://localhost:7025/_content/MagicPropsComponents/components/modal/modal.js - 200 1276 text/javascript 72.9876ms
2024-07-30 09:38:20.732 +08:00 [INF] Request finished HTTP/2 GET https://localhost:7025/_content/MagicPropsComponents/components/input/input.js - 200 1172 text/javascript 73.2111ms
2024-07-30 09:38:20.741 +08:00 [INF] Executing endpoint 'Blazor web static files'
2024-07-30 09:38:20.731 +08:00 [INF] Sending file. Request path: '/js/shared.js'. Physical path: 'C:\Users\jameson\source\repos\ShinetechFZ\orchard_saas_admin\OrchardCore.Cms.SaasAdmin\src\Blazor.Admin.Web\wwwroot\js\shared.js'
2024-07-30 09:38:20.763 +08:00 [INF] The file /_framework/blazor.web.js was not modified
2024-07-30 09:38:20.766 +08:00 [INF] Request finished HTTP/2 GET https://localhost:7025/js/shared.js - 200 682 text/javascript 88.9251ms
2024-07-30 09:38:20.746 +08:00 [INF] Sending file. Request path: '/_content/MagicPropsComponents/components/toast/toast.js'. Physical path: 'C:\Users\jameson\source\repos\ShinetechFZ\orchard_saas_admin\OrchardCore.Cms.SaasAdmin\MagicPropsComponents\wwwroot\components\toast\toast.js'
2024-07-30 09:38:20.767 +08:00 [INF] Sending file. Request path: '/css/theme.css'. Physical path: 'C:\Users\jameson\source\repos\ShinetechFZ\orchard_saas_admin\OrchardCore.Cms.SaasAdmin\src\Blazor.Admin.Web\wwwroot\css\theme.css'
2024-07-30 09:38:20.772 +08:00 [INF] Executed endpoint 'Blazor web static files'
2024-07-30 09:38:20.760 +08:00 [INF] Sending file. Request path: '/Blazor.Admin.Web.styles.css'. Physical path: 'C:\Users\jameson\source\repos\ShinetechFZ\orchard_saas_admin\OrchardCore.Cms.SaasAdmin\src\Blazor.Admin.Web\obj\Debug\net8.0\scopedcss\bundle\Blazor.Admin.Web.styles.css'
2024-07-30 09:38:20.585 +08:00 [INF] Sending file. Request path: '/_content/MagicPropsComponents/svgs/svgcss.css'. Physical path: 'C:\Users\jameson\source\repos\ShinetechFZ\orchard_saas_admin\OrchardCore.Cms.SaasAdmin\MagicPropsComponents\wwwroot\svgs\svgcss.css'
2024-07-30 09:38:20.593 +08:00 [INF] Sending file. Request path: '/_content/MagicPropsComponents/js/shared.js'. Physical path: 'C:\Users\jameson\source\repos\ShinetechFZ\orchard_saas_admin\OrchardCore.Cms.SaasAdmin\MagicPropsComponents\wwwroot\js\shared.js'
2024-07-30 09:38:20.607 +08:00 [INF] Request starting HTTP/2 GET https://localhost:7025/_content/MagicPropsComponents/components/tabctrl/tabctrl.js - null null
2024-07-30 09:38:20.779 +08:00 [INF] Sending file. Request path: '/_content/MagicPropsComponents/components/popup/popup.js'. Physical path: 'C:\Users\jameson\source\repos\ShinetechFZ\orchard_saas_admin\OrchardCore.Cms.SaasAdmin\MagicPropsComponents\wwwroot\components\popup\popup.js'
2024-07-30 09:38:20.782 +08:00 [INF] Request finished HTTP/2 GET https://localhost:7025/_content/MagicPropsComponents/components/toast/toast.js - 200 3397 text/javascript 116.9501ms
2024-07-30 09:38:20.789 +08:00 [INF] Request finished HTTP/2 GET https://localhost:7025/css/theme.css - 200 9136 text/css 223.2201ms
2024-07-30 09:38:20.791 +08:00 [INF] Request finished HTTP/2 GET https://localhost:7025/_framework/blazor.web.js - 304 null text/javascript 65.5314ms
2024-07-30 09:38:20.832 +08:00 [INF] Sending file. Request path: '/_content/MagicPropsComponents/css/themes/default.css'. Physical path: 'C:\Users\jameson\source\repos\ShinetechFZ\orchard_saas_admin\OrchardCore.Cms.SaasAdmin\MagicPropsComponents\wwwroot\css\themes\default.css'
2024-07-30 09:38:20.809 +08:00 [INF] Request finished HTTP/2 GET https://localhost:7025/_content/MagicPropsComponents/components/popup/popup.js - 200 6315 text/javascript 174.6135ms
2024-07-30 09:38:20.821 +08:00 [INF] Sending file. Request path: '/_content/MagicPropsComponents/components/draggabledroppable.js'. Physical path: 'C:\Users\jameson\source\repos\ShinetechFZ\orchard_saas_admin\OrchardCore.Cms.SaasAdmin\MagicPropsComponents\wwwroot\components\draggabledroppable.js'
2024-07-30 09:38:20.793 +08:00 [INF] Request finished HTTP/2 GET https://localhost:7025/Blazor.Admin.Web.styles.css - 200 5200 text/css 315.2348ms
2024-07-30 09:38:20.795 +08:00 [INF] Request finished HTTP/2 GET https://localhost:7025/_content/MagicPropsComponents/svgs/svgcss.css - 200 305 text/css 297.6922ms
2024-07-30 09:38:20.839 +08:00 [INF] Request finished HTTP/2 GET https://localhost:7025/_content/MagicPropsComponents/css/themes/default.css - 200 23202 text/css 268.5383ms
2024-07-30 09:38:20.837 +08:00 [INF] Sending file. Request path: '/_content/MagicPropsComponents/css/font-awesome.css'. Physical path: 'C:\Users\jameson\source\repos\ShinetechFZ\orchard_saas_admin\OrchardCore.Cms.SaasAdmin\MagicPropsComponents\wwwroot\css\font-awesome.css'
2024-07-30 09:38:20.852 +08:00 [INF] Sending file. Request path: '/_content/MagicPropsComponents/components/tabctrl/tabctrl.js'. Physical path: 'C:\Users\jameson\source\repos\ShinetechFZ\orchard_saas_admin\OrchardCore.Cms.SaasAdmin\MagicPropsComponents\wwwroot\components\tabctrl\tabctrl.js'
2024-07-30 09:38:20.892 +08:00 [INF] Request finished HTTP/2 GET https://localhost:7025/_content/MagicPropsComponents/css/font-awesome.css - 200 39751 text/css 397.9094ms
2024-07-30 09:38:20.855 +08:00 [INF] Request finished HTTP/2 GET https://localhost:7025/_content/MagicPropsComponents/components/draggabledroppable.js - 200 7052 text/javascript 185.0402ms
2024-07-30 09:38:20.877 +08:00 [INF] Sending file. Request path: '/_content/MagicPropsComponents/libs/bootstrap/js/bootstrap.bundle.min.js'. Physical path: 'C:\Users\jameson\source\repos\ShinetechFZ\orchard_saas_admin\OrchardCore.Cms.SaasAdmin\MagicPropsComponents\wwwroot\libs\bootstrap\js\bootstrap.bundle.min.js'
2024-07-30 09:38:20.896 +08:00 [INF] Sending file. Request path: '/bootstrap/bootstrap.min.css'. Physical path: 'C:\Users\jameson\source\repos\ShinetechFZ\orchard_saas_admin\OrchardCore.Cms.SaasAdmin\src\Blazor.Admin.Web\wwwroot\bootstrap\bootstrap.min.css'
2024-07-30 09:38:20.906 +08:00 [INF] Sending file. Request path: '/_content/MagicPropsComponents/libs/bootstrap/css/bootstrap.min.css'. Physical path: 'C:\Users\jameson\source\repos\ShinetechFZ\orchard_saas_admin\OrchardCore.Cms.SaasAdmin\MagicPropsComponents\wwwroot\libs\bootstrap\css\bootstrap.min.css'
2024-07-30 09:38:20.898 +08:00 [INF] Request finished HTTP/2 GET https://localhost:7025/_content/MagicPropsComponents/components/tabctrl/tabctrl.js - 200 4306 text/javascript 290.7974ms
2024-07-30 09:38:20.920 +08:00 [INF] Request finished HTTP/2 GET https://localhost:7025/_content/MagicPropsComponents/libs/bootstrap/js/bootstrap.bundle.min.js - 200 78749 text/javascript 403.2233ms
2024-07-30 09:38:20.880 +08:00 [INF] Sending file. Request path: '/_content/MagicPropsComponents/libs/jquery/jquery.min.js'. Physical path: 'C:\Users\jameson\source\repos\ShinetechFZ\orchard_saas_admin\OrchardCore.Cms.SaasAdmin\MagicPropsComponents\wwwroot\libs\jquery\jquery.min.js'
2024-07-30 09:38:20.798 +08:00 [INF] Request finished HTTP/2 GET https://localhost:7025/_content/MagicPropsComponents/js/shared.js - 200 583 text/javascript 290.1781ms
2024-07-30 09:38:20.835 +08:00 [INF] Sending file. Request path: '/_content/MagicPropsComponents/components/mppivottable/pivottable.js'. Physical path: 'C:\Users\jameson\source\repos\ShinetechFZ\orchard_saas_admin\OrchardCore.Cms.SaasAdmin\MagicPropsComponents\wwwroot\components\mppivottable\pivottable.js'
2024-07-30 09:38:20.921 +08:00 [INF] Sending file. Request path: '/_content/MagicPropsComponents/libs/jquery/jquery-ui.min.js'. Physical path: 'C:\Users\jameson\source\repos\ShinetechFZ\orchard_saas_admin\OrchardCore.Cms.SaasAdmin\MagicPropsComponents\wwwroot\libs\jquery\jquery-ui.min.js'
2024-07-30 09:38:20.923 +08:00 [INF] Request finished HTTP/2 GET https://localhost:7025/bootstrap/bootstrap.min.css - 200 162726 text/css 446.4807ms
2024-07-30 09:38:20.929 +08:00 [INF] Request finished HTTP/2 GET https://localhost:7025/_content/MagicPropsComponents/libs/bootstrap/css/bootstrap.min.css - 200 155851 text/css 441.4139ms
2024-07-30 09:38:20.945 +08:00 [INF] Request finished HTTP/2 GET https://localhost:7025/_content/MagicPropsComponents/libs/jquery/jquery.min.js - 200 89478 text/javascript 382.4205ms
2024-07-30 09:38:20.953 +08:00 [INF] Request finished HTTP/2 GET https://localhost:7025/_content/MagicPropsComponents/components/mppivottable/pivottable.js - 200 33959 text/javascript 263.1556ms
2024-07-30 09:38:20.960 +08:00 [INF] Request finished HTTP/2 GET https://localhost:7025/_content/MagicPropsComponents/libs/jquery/jquery-ui.min.js - 200 261129 text/javascript 396.6508ms
2024-07-30 09:38:22.332 +08:00 [INF] Request starting HTTP/2 GET https://localhost:7025/_content/Framework.WebCore/Framework.WebCore.bundle.scp.css - null null
2024-07-30 09:38:22.332 +08:00 [INF] Request starting HTTP/2 GET https://localhost:7025/_content/MagicPropsComponents/MagicPropsComponents.bundle.scp.css - null null
2024-07-30 09:38:22.332 +08:00 [INF] Request starting HTTP/2 GET https://localhost:7025/_content/Framework.Core.Blazor.Admin.SqlServer/Framework.Core.Blazor.Admin.SqlServer.bundle.scp.css - null null
2024-07-30 09:38:22.336 +08:00 [INF] Request starting HTTP/2 GET https://localhost:7025/_framework/aspnetcore-browser-refresh.js - null null
2024-07-30 09:38:22.357 +08:00 [INF] Sending file. Request path: '/_content/Framework.WebCore/Framework.WebCore.bundle.scp.css'. Physical path: 'C:\Users\jameson\source\repos\ShinetechFZ\orchard_saas_admin\OrchardCore.Cms.SaasAdmin\Framework.WebCore\obj\Debug\net8.0\scopedcss\projectbundle\Framework.WebCore.bundle.scp.css'
2024-07-30 09:38:22.363 +08:00 [INF] Sending file. Request path: '/_content/MagicPropsComponents/MagicPropsComponents.bundle.scp.css'. Physical path: 'C:\Users\jameson\source\repos\ShinetechFZ\orchard_saas_admin\OrchardCore.Cms.SaasAdmin\MagicPropsComponents\obj\Debug\net8.0\scopedcss\projectbundle\MagicPropsComponents.bundle.scp.css'
2024-07-30 09:38:22.373 +08:00 [INF] Request finished HTTP/2 GET https://localhost:7025/_content/Framework.WebCore/Framework.WebCore.bundle.scp.css - 200 1134 text/css 41.4152ms
2024-07-30 09:38:22.375 +08:00 [INF] Request finished HTTP/2 GET https://localhost:7025/_framework/aspnetcore-browser-refresh.js - 200 13768 application/javascript; charset=utf-8 38.832ms
2024-07-30 09:38:22.380 +08:00 [INF] Request finished HTTP/2 GET https://localhost:7025/_content/MagicPropsComponents/MagicPropsComponents.bundle.scp.css - 200 10045 text/css 47.7568ms
2024-07-30 09:38:22.382 +08:00 [INF] Request starting HTTP/2 GET https://localhost:7025/_vs/browserLink - null null
2024-07-30 09:38:22.367 +08:00 [INF] Sending file. Request path: '/_content/Framework.Core.Blazor.Admin.SqlServer/Framework.Core.Blazor.Admin.SqlServer.bundle.scp.css'. Physical path: 'C:\Users\jameson\source\repos\ShinetechFZ\orchard_saas_admin\OrchardCore.Cms.SaasAdmin\Framework.Core.Blazor.Identity.SqlServer\obj\Debug\net8.0\scopedcss\projectbundle\Framework.Core.Blazor.Admin.SqlServer.bundle.scp.css'
2024-07-30 09:38:22.412 +08:00 [INF] Request finished HTTP/2 GET https://localhost:7025/_content/Framework.Core.Blazor.Admin.SqlServer/Framework.Core.Blazor.Admin.SqlServer.bundle.scp.css - 200 230 text/css 80.8277ms
2024-07-30 09:38:22.517 +08:00 [INF] Request starting HTTP/2 GET https://localhost:7025/_blazor/initializers - null null
2024-07-30 09:38:22.530 +08:00 [INF] Executing endpoint 'Microsoft.AspNetCore.Routing.RouteEndpoint'
2024-07-30 09:38:22.530 +08:00 [INF] Request finished HTTP/2 GET https://localhost:7025/_vs/browserLink - 200 null text/javascript; charset=UTF-8 147.906ms
2024-07-30 09:38:22.540 +08:00 [INF] Executed endpoint 'Microsoft.AspNetCore.Routing.RouteEndpoint'
2024-07-30 09:38:22.542 +08:00 [INF] Request finished HTTP/2 GET https://localhost:7025/_blazor/initializers - 200 null application/json; charset=utf-8 25.7753ms
2024-07-30 09:38:22.555 +08:00 [INF] Request starting HTTP/2 POST https://localhost:7025/_blazor/negotiate?negotiateVersion=1 - null 0
2024-07-30 09:38:22.579 +08:00 [INF] Executing endpoint 'Microsoft.AspNetCore.Routing.RouteEndpoint'
2024-07-30 09:38:22.587 +08:00 [INF] Executed endpoint 'Microsoft.AspNetCore.Routing.RouteEndpoint'
2024-07-30 09:38:22.588 +08:00 [INF] Request finished HTTP/2 POST https://localhost:7025/_blazor/negotiate?negotiateVersion=1 - 200 316 application/json 33.2388ms
2024-07-30 09:38:22.594 +08:00 [INF] Request starting HTTP/2 CONNECT https://localhost:7025/_blazor?id=-eiq9FIFxsOSqzIDIJVC3A - null null
2024-07-30 09:38:22.598 +08:00 [INF] Request starting HTTP/1.1 GET https://localhost:7025/_content/MagicPropsComponents/libs/bootstrap/js/bootstrap.bundle.min.js.map - null null
2024-07-30 09:38:22.612 +08:00 [INF] Executing endpoint 'Microsoft.AspNetCore.Routing.RouteEndpoint'
2024-07-30 09:38:22.655 +08:00 [INF] Sending file. Request path: '/_content/MagicPropsComponents/libs/bootstrap/js/bootstrap.bundle.min.js.map'. Physical path: 'C:\Users\jameson\source\repos\ShinetechFZ\orchard_saas_admin\OrchardCore.Cms.SaasAdmin\MagicPropsComponents\wwwroot\libs\bootstrap\js\bootstrap.bundle.min.js.map'
2024-07-30 09:38:22.661 +08:00 [INF] Request finished HTTP/1.1 GET https://localhost:7025/_content/MagicPropsComponents/libs/bootstrap/js/bootstrap.bundle.min.js.map - 200 325834 text/plain 63.3358ms
2024-07-30 09:38:22.841 +08:00 [INF] Authorization failed. These requirements were not met:
DenyAnonymousAuthorizationRequirement: Requires an authenticated user.
2024-07-30 09:38:22.855 +08:00 [INF] Request starting HTTP/2 GET https://localhost:7025/img/mainLayout/logo-en.svg - null null
2024-07-30 09:38:22.856 +08:00 [INF] Request starting HTTP/2 GET https://localhost:7025/img/login/left.svg - null null
2024-07-30 09:38:22.856 +08:00 [INF] Request starting HTTP/2 GET https://localhost:7025/img/auth/register-v2.0a9e487c.svg - null null
2024-07-30 09:38:22.870 +08:00 [INF] Sending file. Request path: '/img/mainLayout/logo-en.svg'. Physical path: 'C:\Users\jameson\source\repos\ShinetechFZ\orchard_saas_admin\OrchardCore.Cms.SaasAdmin\src\Blazor.Admin.Web\wwwroot\img\mainLayout\logo-en.svg'
2024-07-30 09:38:22.885 +08:00 [INF] Sending file. Request path: '/img/login/left.svg'. Physical path: 'C:\Users\jameson\source\repos\ShinetechFZ\orchard_saas_admin\OrchardCore.Cms.SaasAdmin\src\Blazor.Admin.Web\wwwroot\img\login\left.svg'
2024-07-30 09:38:22.890 +08:00 [INF] Request finished HTTP/2 GET https://localhost:7025/img/mainLayout/logo-en.svg - 200 827 image/svg+xml 34.9429ms
2024-07-30 09:38:22.893 +08:00 [INF] Request finished HTTP/2 GET https://localhost:7025/img/login/left.svg - 200 9857 image/svg+xml 37.8566ms
2024-07-30 09:38:22.902 +08:00 [INF] Sending file. Request path: '/img/auth/register-v2.0a9e487c.svg'. Physical path: 'C:\Users\jameson\source\repos\ShinetechFZ\orchard_saas_admin\OrchardCore.Cms.SaasAdmin\src\Blazor.Admin.Web\wwwroot\img\auth\register-v2.0a9e487c.svg'
2024-07-30 09:38:22.912 +08:00 [INF] Request finished HTTP/2 GET https://localhost:7025/img/auth/register-v2.0a9e487c.svg - 200 71780 image/svg+xml 56.9535ms
2024-07-30 09:38:23.272 +08:00 [INF] Authorization failed. These requirements were not met:
DenyAnonymousAuthorizationRequirement: Requires an authenticated user.
2024-07-30 09:38:23.274 +08:00 [INF] Authorization failed. These requirements were not met:
DenyAnonymousAuthorizationRequirement: Requires an authenticated user.
2024-07-30 09:38:24.265 +08:00 [INF] Authorization failed. These requirements were not met:
DenyAnonymousAuthorizationRequirement: Requires an authenticated user.
2024-07-30 09:38:24.270 +08:00 [INF] Request starting HTTP/2 GET https://localhost:7025/Account/Login - null null
2024-07-30 09:38:24.270 +08:00 [INF] Authorization failed. These requirements were not met:
DenyAnonymousAuthorizationRequirement: Requires an authenticated user.
2024-07-30 09:38:24.318 +08:00 [INF] Executing endpoint '/Account/Login (/Account/Login)'
2024-07-30 09:38:24.339 +08:00 [INF] AuthenticationScheme: Identity.External signed out.
2024-07-30 09:38:24.445 +08:00 [INF] Executed endpoint '/Account/Login (/Account/Login)'
2024-07-30 09:38:24.451 +08:00 [INF] Request finished HTTP/2 GET https://localhost:7025/Account/Login - 200 null text/html; charset=utf-8 182.5828ms
2024-07-30 09:38:24.456 +08:00 [INF] Request starting HTTP/2 GET https://localhost:7025/img/icons/home.svg - null null
2024-07-30 09:38:24.456 +08:00 [INF] Request starting HTTP/2 GET https://localhost:7025/img/avatar/1.svg - null null
2024-07-30 09:38:24.465 +08:00 [INF] The file /img/icons/home.svg was not modified
2024-07-30 09:38:24.475 +08:00 [INF] The file /img/avatar/1.svg was not modified
2024-07-30 09:38:24.478 +08:00 [INF] Request finished HTTP/2 GET https://localhost:7025/img/icons/home.svg - 304 null image/svg+xml 23.6617ms
2024-07-30 09:38:24.480 +08:00 [INF] Request finished HTTP/2 GET https://localhost:7025/img/avatar/1.svg - 304 null image/svg+xml 24.8525ms
2024-07-30 09:38:26.490 +08:00 [INF] Request starting HTTP/2 POST https://localhost:7025/_blazor/disconnect - multipart/form-data; boundary=----WebKitFormBoundarysDxlt3SRM0oQCnJ8 359
2024-07-30 09:38:26.498 +08:00 [INF] Executing endpoint 'Microsoft.AspNetCore.Routing.RouteEndpoint'
2024-07-30 09:38:26.503 +08:00 [INF] Executed endpoint 'Microsoft.AspNetCore.Routing.RouteEndpoint'
2024-07-30 09:38:26.505 +08:00 [INF] Request finished HTTP/2 CONNECT https://localhost:7025/_blazor?id=-eiq9FIFxsOSqzIDIJVC3A - 200 null null 3910.86ms
2024-07-30 09:38:26.511 +08:00 [INF] Executed endpoint 'Microsoft.AspNetCore.Routing.RouteEndpoint'
2024-07-30 09:38:26.517 +08:00 [INF] Connection id "0HN5G714DKH66", Request id "0HN5G714DKH66:0000003D": the application completed without reading the entire request body.
2024-07-30 09:38:26.519 +08:00 [INF] Request finished HTTP/2 POST https://localhost:7025/_blazor/disconnect - 200 0 null 28.9365ms
2024-07-30 09:38:29.256 +08:00 [INF] Request starting HTTP/2 POST https://localhost:7025/Account/Login - application/x-www-form-urlencoded 241
2024-07-30 09:38:29.288 +08:00 [INF] Executing endpoint '/Account/Login (/Account/Login)'
2024-07-30 09:38:29.575 +08:00 [INF] AuthenticationScheme: Identity.Application signed in.
2024-07-30 09:38:29.578 +08:00 [INF] User logged in.----admin
2024-07-30 09:38:29.618 +08:00 [INF] Executed endpoint '/Account/Login (/Account/Login)'
2024-07-30 09:38:29.619 +08:00 [INF] Request starting HTTP/2 GET https://localhost:7025/dashboard - null null
2024-07-30 09:38:29.622 +08:00 [INF] Request finished HTTP/2 POST https://localhost:7025/Account/Login - 302 null text/html; charset=utf-8 366.2744ms
2024-07-30 09:38:29.651 +08:00 [INF] Executing endpoint '/dashboard (/dashboard)'
2024-07-30 09:38:29.660 +08:00 [INF] Executed endpoint '/dashboard (/dashboard)'
2024-07-30 09:38:29.663 +08:00 [INF] Request finished HTTP/2 GET https://localhost:7025/dashboard - 200 null text/html; charset=utf-8 43.6142ms
2024-07-30 09:38:29.669 +08:00 [INF] Request starting HTTP/2 GET https://localhost:7025/_framework/aspnetcore-browser-refresh.js - null null
2024-07-30 09:38:29.669 +08:00 [INF] Request starting HTTP/2 GET https://localhost:7025/_framework/blazor.web.js - null null
2024-07-30 09:38:29.669 +08:00 [INF] Request starting HTTP/2 GET https://localhost:7025/_vs/browserLink - null null
2024-07-30 09:38:29.684 +08:00 [INF] Request finished HTTP/2 GET https://localhost:7025/_framework/aspnetcore-browser-refresh.js - 200 13768 application/javascript; charset=utf-8 14.6668ms
2024-07-30 09:38:29.690 +08:00 [INF] Executing endpoint 'Blazor web static files'
2024-07-30 09:38:29.709 +08:00 [INF] The file /_framework/blazor.web.js was not modified
2024-07-30 09:38:29.713 +08:00 [INF] Request finished HTTP/2 GET https://localhost:7025/_vs/browserLink - 200 null text/javascript; charset=UTF-8 43.7783ms
2024-07-30 09:38:29.713 +08:00 [INF] Executed endpoint 'Blazor web static files'
2024-07-30 09:38:29.722 +08:00 [INF] Request finished HTTP/2 GET https://localhost:7025/_framework/blazor.web.js - 304 null text/javascript 53.1107ms
2024-07-30 09:38:29.754 +08:00 [INF] Request starting HTTP/2 GET https://localhost:7025/_blazor/initializers - null null
2024-07-30 09:38:29.763 +08:00 [INF] Executing endpoint 'Microsoft.AspNetCore.Routing.RouteEndpoint'
2024-07-30 09:38:29.765 +08:00 [INF] Executed endpoint 'Microsoft.AspNetCore.Routing.RouteEndpoint'
2024-07-30 09:38:29.766 +08:00 [INF] Request finished HTTP/2 GET https://localhost:7025/_blazor/initializers - 200 null application/json; charset=utf-8 12.1734ms
2024-07-30 09:38:29.771 +08:00 [INF] Request starting HTTP/2 POST https://localhost:7025/_blazor/negotiate?negotiateVersion=1 - null 0
2024-07-30 09:38:29.780 +08:00 [INF] Executing endpoint 'Microsoft.AspNetCore.Routing.RouteEndpoint'
2024-07-30 09:38:29.782 +08:00 [INF] Executed endpoint 'Microsoft.AspNetCore.Routing.RouteEndpoint'
2024-07-30 09:38:29.784 +08:00 [INF] Request finished HTTP/2 POST https://localhost:7025/_blazor/negotiate?negotiateVersion=1 - 200 316 application/json 13.1371ms
2024-07-30 09:38:29.792 +08:00 [INF] Request starting HTTP/2 CONNECT https://localhost:7025/_blazor?id=zl_SVRGmY0fsKZeU-l9TAA - null null
2024-07-30 09:38:29.798 +08:00 [INF] Executing endpoint 'Microsoft.AspNetCore.Routing.RouteEndpoint'
2024-07-30 09:38:29.890 +08:00 [INF] Request starting HTTP/2 GET https://localhost:7025/img/mainLayout/language.png - null null
2024-07-30 09:38:29.890 +08:00 [INF] Request starting HTTP/2 GET https://localhost:7025/img/avatar/9.svg - null null
2024-07-30 09:38:29.890 +08:00 [INF] Request starting HTTP/2 GET https://localhost:7025/img/mainLayout/english.png - null null
2024-07-30 09:38:29.911 +08:00 [INF] Sending file. Request path: '/img/mainLayout/language.png'. Physical path: 'C:\Users\jameson\source\repos\ShinetechFZ\orchard_saas_admin\OrchardCore.Cms.SaasAdmin\src\Blazor.Admin.Web\wwwroot\img\mainLayout\language.png'
2024-07-30 09:38:29.928 +08:00 [INF] Sending file. Request path: '/img/avatar/9.svg'. Physical path: 'C:\Users\jameson\source\repos\ShinetechFZ\orchard_saas_admin\OrchardCore.Cms.SaasAdmin\src\Blazor.Admin.Web\wwwroot\img\avatar\9.svg'
2024-07-30 09:38:29.928 +08:00 [INF] Request finished HTTP/2 GET https://localhost:7025/img/mainLayout/language.png - 200 1933 image/png 37.9869ms
2024-07-30 09:38:29.936 +08:00 [INF] Request finished HTTP/2 GET https://localhost:7025/img/avatar/9.svg - 200 6280 image/svg+xml 45.3383ms
2024-07-30 09:38:29.931 +08:00 [INF] Request starting HTTP/2 GET https://localhost:7025/_content/MagicPropsComponents/fonts/fontawesome-webfont.woff2?v=4.7.0 - null null
2024-07-30 09:38:29.891 +08:00 [INF] Request starting HTTP/2 GET https://localhost:7025/img/mainLayout/china.png - null null
2024-07-30 09:38:29.943 +08:00 [INF] Request starting HTTP/2 GET https://localhost:7025/dashboard - null null
2024-07-30 09:38:29.933 +08:00 [INF] Sending file. Request path: '/img/mainLayout/english.png'. Physical path: 'C:\Users\jameson\source\repos\ShinetechFZ\orchard_saas_admin\OrchardCore.Cms.SaasAdmin\src\Blazor.Admin.Web\wwwroot\img\mainLayout\english.png'
2024-07-30 09:38:30.013 +08:00 [INF] Sending file. Request path: '/img/mainLayout/china.png'. Physical path: 'C:\Users\jameson\source\repos\ShinetechFZ\orchard_saas_admin\OrchardCore.Cms.SaasAdmin\src\Blazor.Admin.Web\wwwroot\img\mainLayout\china.png'
2024-07-30 09:38:30.015 +08:00 [INF] Request finished HTTP/2 GET https://localhost:7025/img/mainLayout/english.png - 200 1414 image/png 124.2911ms
2024-07-30 09:38:30.034 +08:00 [INF] Request finished HTTP/2 GET https://localhost:7025/img/mainLayout/china.png - 200 836 image/png 143.6985ms
2024-07-30 09:38:30.034 +08:00 [INF] Sending file. Request path: '/_content/MagicPropsComponents/fonts/fontawesome-webfont.woff2'. Physical path: 'C:\Users\jameson\source\repos\ShinetechFZ\orchard_saas_admin\OrchardCore.Cms.SaasAdmin\MagicPropsComponents\wwwroot\fonts\fontawesome-webfont.woff2'
2024-07-30 09:38:30.034 +08:00 [INF] Executing endpoint '/dashboard (/dashboard)'
2024-07-30 09:38:30.083 +08:00 [INF] Request finished HTTP/2 GET https://localhost:7025/_content/MagicPropsComponents/fonts/fontawesome-webfont.woff2?v=4.7.0 - 200 77160 font/woff2 152.7335ms
2024-07-30 09:38:30.088 +08:00 [INF] Executed endpoint '/dashboard (/dashboard)'
2024-07-30 09:38:30.093 +08:00 [INF] Request finished HTTP/2 GET https://localhost:7025/dashboard - 200 null text/html; charset=utf-8 150.5375ms
2024-07-30 09:38:31.446 +08:00 [INF] Request starting HTTP/2 GET https://localhost:7025/weather - null null
2024-07-30 09:38:31.492 +08:00 [INF] Executing endpoint '/weather (/weather)'
2024-07-30 09:38:31.501 +08:00 [INF] Executed endpoint '/weather (/weather)'
2024-07-30 09:38:31.504 +08:00 [INF] Request finished HTTP/2 GET https://localhost:7025/weather - 200 null text/html; charset=utf-8 59.0831ms
2024-07-30 09:38:32.515 +08:00 [INF] Request starting HTTP/2 GET https://localhost:7025/users - null null
2024-07-30 09:38:32.565 +08:00 [INF] Executing endpoint '/users (/users)'
2024-07-30 09:38:32.624 +08:00 [INF] Executed endpoint '/users (/users)'
2024-07-30 09:38:32.627 +08:00 [INF] Request finished HTTP/2 GET https://localhost:7025/users - 200 null text/html; charset=utf-8 112.6394ms
2024-07-30 09:38:32.745 +08:00 [INF] Request starting HTTP/2 GET https://localhost:7025/_content/MagicPropsComponents/svgs/primary/pager-lastpage-disabled.svg - null null
2024-07-30 09:38:32.745 +08:00 [INF] Request starting HTTP/2 GET https://localhost:7025/_content/MagicPropsComponents/svgs/primary/pager-firstpage-disabled.svg - null null
2024-07-30 09:38:32.747 +08:00 [INF] Request starting HTTP/2 GET https://localhost:7025/_content/MagicPropsComponents/svgs/primary/pager-next-page-disabled.svg - null null
2024-07-30 09:38:32.766 +08:00 [INF] Sending file. Request path: '/_content/MagicPropsComponents/svgs/primary/pager-lastpage-disabled.svg'. Physical path: 'C:\Users\jameson\source\repos\ShinetechFZ\orchard_saas_admin\OrchardCore.Cms.SaasAdmin\MagicPropsComponents\wwwroot\svgs\primary\pager-lastpage-disabled.svg'
2024-07-30 09:38:32.786 +08:00 [INF] Request starting HTTP/2 GET https://localhost:7025/_content/MagicPropsComponents/svgs/primary/sort-unsorted.svg - null null
2024-07-30 09:38:32.786 +08:00 [INF] Request starting HTTP/2 GET https://localhost:7025/_content/MagicPropsComponents/svgs/primary/filter.svg - null null
2024-07-30 09:38:32.798 +08:00 [INF] Sending file. Request path: '/_content/MagicPropsComponents/svgs/primary/pager-next-page-disabled.svg'. Physical path: 'C:\Users\jameson\source\repos\ShinetechFZ\orchard_saas_admin\OrchardCore.Cms.SaasAdmin\MagicPropsComponents\wwwroot\svgs\primary\pager-next-page-disabled.svg'
2024-07-30 09:38:32.797 +08:00 [INF] Request finished HTTP/2 GET https://localhost:7025/_content/MagicPropsComponents/svgs/primary/pager-lastpage-disabled.svg - 200 400 image/svg+xml 51.315ms
2024-07-30 09:38:32.881 +08:00 [INF] Sending file. Request path: '/_content/MagicPropsComponents/svgs/primary/filter.svg'. Physical path: 'C:\Users\jameson\source\repos\ShinetechFZ\orchard_saas_admin\OrchardCore.Cms.SaasAdmin\MagicPropsComponents\wwwroot\svgs\primary\filter.svg'
2024-07-30 09:38:32.881 +08:00 [INF] Request finished HTTP/2 GET https://localhost:7025/_content/MagicPropsComponents/svgs/primary/pager-next-page-disabled.svg - 200 311 image/svg+xml 133.6844ms
2024-07-30 09:38:32.746 +08:00 [INF] Request starting HTTP/2 GET https://localhost:7025/_content/MagicPropsComponents/svgs/primary/pager-pre-page-disabled.svg - null null
2024-07-30 09:38:32.910 +08:00 [INF] Request finished HTTP/2 GET https://localhost:7025/_content/MagicPropsComponents/svgs/primary/filter.svg - 200 271 image/svg+xml 124.3972ms
2024-07-30 09:38:32.940 +08:00 [INF] Sending file. Request path: '/_content/MagicPropsComponents/svgs/primary/pager-pre-page-disabled.svg'. Physical path: 'C:\Users\jameson\source\repos\ShinetechFZ\orchard_saas_admin\OrchardCore.Cms.SaasAdmin\MagicPropsComponents\wwwroot\svgs\primary\pager-pre-page-disabled.svg'
2024-07-30 09:38:32.783 +08:00 [INF] Sending file. Request path: '/_content/MagicPropsComponents/svgs/primary/pager-firstpage-disabled.svg'. Physical path: 'C:\Users\jameson\source\repos\ShinetechFZ\orchard_saas_admin\OrchardCore.Cms.SaasAdmin\MagicPropsComponents\wwwroot\svgs\primary\pager-firstpage-disabled.svg'
2024-07-30 09:38:32.961 +08:00 [INF] Request finished HTTP/2 GET https://localhost:7025/_content/MagicPropsComponents/svgs/primary/pager-pre-page-disabled.svg - 200 310 image/svg+xml 215.3434ms
2024-07-30 09:38:32.970 +08:00 [INF] Request finished HTTP/2 GET https://localhost:7025/_content/MagicPropsComponents/svgs/primary/pager-firstpage-disabled.svg - 200 398 image/svg+xml 225.2794ms
2024-07-30 09:38:32.852 +08:00 [INF] Sending file. Request path: '/_content/MagicPropsComponents/svgs/primary/sort-unsorted.svg'. Physical path: 'C:\Users\jameson\source\repos\ShinetechFZ\orchard_saas_admin\OrchardCore.Cms.SaasAdmin\MagicPropsComponents\wwwroot\svgs\primary\sort-unsorted.svg'
2024-07-30 09:38:33.009 +08:00 [INF] Request finished HTTP/2 GET https://localhost:7025/_content/MagicPropsComponents/svgs/primary/sort-unsorted.svg - 200 323 image/svg+xml 222.7122ms
2024-07-30 09:38:33.248 +08:00 [INF] Request starting HTTP/2 GET https://localhost:7025/roles - null null
2024-07-30 09:38:33.301 +08:00 [INF] Executing endpoint '/roles (/roles)'
2024-07-30 09:38:33.320 +08:00 [INF] Executed endpoint '/roles (/roles)'
2024-07-30 09:38:33.323 +08:00 [INF] Request finished HTTP/2 GET https://localhost:7025/roles - 200 null text/html; charset=utf-8 74.6873ms
2024-07-30 09:38:34.558 +08:00 [INF] Request starting HTTP/2 GET https://localhost:7025/systemLogs - null null
2024-07-30 09:38:34.598 +08:00 [INF] Executing endpoint '/systemLogs (/systemLogs)'
2024-07-30 09:38:34.609 +08:00 [INF] Executed endpoint '/systemLogs (/systemLogs)'
2024-07-30 09:38:34.611 +08:00 [INF] Request finished HTTP/2 GET https://localhost:7025/systemLogs - 200 null text/html; charset=utf-8 52.816ms
2024-07-30 09:38:35.055 +08:00 [INF] Request starting HTTP/2 GET https://localhost:7025/auditLogs - null null
2024-07-30 09:38:35.097 +08:00 [INF] Executing endpoint '/auditLogs (/auditLogs)'
2024-07-30 09:38:35.129 +08:00 [INF] Executed endpoint '/auditLogs (/auditLogs)'
2024-07-30 09:38:35.131 +08:00 [INF] Request finished HTTP/2 GET https://localhost:7025/auditLogs - 200 null text/html; charset=utf-8 75.8451ms
2024-07-30 09:38:35.977 +08:00 [INF] Request starting HTTP/2 GET https://localhost:7025/roles - null null
2024-07-30 09:38:36.056 +08:00 [INF] Executing endpoint '/roles (/roles)'
2024-07-30 09:38:36.086 +08:00 [INF] Executed endpoint '/roles (/roles)'
2024-07-30 09:38:36.092 +08:00 [INF] Request finished HTTP/2 GET https://localhost:7025/roles - 200 null text/html; charset=utf-8 115.4261ms
2024-07-30 09:38:37.265 +08:00 [INF] Request starting HTTP/2 GET https://localhost:7025/roles - null null
2024-07-30 09:38:37.323 +08:00 [INF] Executing endpoint '/roles (/roles)'
2024-07-30 09:38:37.343 +08:00 [INF] Executed endpoint '/roles (/roles)'
2024-07-30 09:38:37.353 +08:00 [INF] Request finished HTTP/2 GET https://localhost:7025/roles - 200 null text/html; charset=utf-8 88.3216ms
2024-07-30 09:38:38.759 +08:00 [INF] Request starting HTTP/2 GET https://localhost:7025/systemLogs - null null
2024-07-30 09:38:38.818 +08:00 [INF] Executing endpoint '/systemLogs (/systemLogs)'
2024-07-30 09:38:38.837 +08:00 [INF] Executed endpoint '/systemLogs (/systemLogs)'
2024-07-30 09:38:38.843 +08:00 [INF] Request finished HTTP/2 GET https://localhost:7025/systemLogs - 200 null text/html; charset=utf-8 87.1962ms
2024-07-30 09:38:40.135 +08:00 [INF] Request starting HTTP/2 GET https://localhost:7025/auditLogs - null null
2024-07-30 09:38:40.178 +08:00 [INF] Executing endpoint '/auditLogs (/auditLogs)'
2024-07-30 09:38:40.195 +08:00 [INF] Executed endpoint '/auditLogs (/auditLogs)'
2024-07-30 09:38:40.202 +08:00 [INF] Request finished HTTP/2 GET https://localhost:7025/auditLogs - 200 null text/html; charset=utf-8 67.0147ms
2024-07-30 09:38:41.798 +08:00 [INF] Request starting HTTP/2 GET https://localhost:7025/users - null null
2024-07-30 09:38:41.860 +08:00 [INF] Executing endpoint '/users (/users)'
2024-07-30 09:38:41.904 +08:00 [INF] Executed endpoint '/users (/users)'
2024-07-30 09:38:41.910 +08:00 [INF] Request finished HTTP/2 GET https://localhost:7025/users - 200 null text/html; charset=utf-8 112.0688ms
2024-07-30 09:38:42.779 +08:00 [INF] Request starting HTTP/2 GET https://localhost:7025/weather - null null
2024-07-30 09:38:42.817 +08:00 [INF] Executing endpoint '/weather (/weather)'
2024-07-30 09:38:42.825 +08:00 [INF] Executed endpoint '/weather (/weather)'
2024-07-30 09:38:42.830 +08:00 [INF] Request finished HTTP/2 GET https://localhost:7025/weather - 200 null text/html; charset=utf-8 51.6301ms
2024-07-30 09:38:44.267 +08:00 [INF] Request starting HTTP/2 GET https://localhost:7025/users - null null
2024-07-30 09:38:44.328 +08:00 [INF] Executing endpoint '/users (/users)'
2024-07-30 09:38:44.377 +08:00 [INF] Executed endpoint '/users (/users)'
2024-07-30 09:38:44.388 +08:00 [INF] Request finished HTTP/2 GET https://localhost:7025/users - 200 null text/html; charset=utf-8 121.4273ms
2024-07-30 09:38:44.633 +08:00 [INF] Request starting HTTP/2 GET https://localhost:7025/roles - null null
2024-07-30 09:38:44.706 +08:00 [INF] Executing endpoint '/roles (/roles)'
2024-07-30 09:38:44.750 +08:00 [INF] Executed endpoint '/roles (/roles)'
2024-07-30 09:38:44.764 +08:00 [INF] Request finished HTTP/2 GET https://localhost:7025/roles - 200 null text/html; charset=utf-8 131.7876ms
2024-07-30 09:38:45.278 +08:00 [INF] Request starting HTTP/2 GET https://localhost:7025/systemLogs - null null
2024-07-30 09:38:45.323 +08:00 [INF] Executing endpoint '/systemLogs (/systemLogs)'
2024-07-30 09:38:45.344 +08:00 [INF] Executed endpoint '/systemLogs (/systemLogs)'
2024-07-30 09:38:45.357 +08:00 [INF] Request finished HTTP/2 GET https://localhost:7025/systemLogs - 200 null text/html; charset=utf-8 78.2244ms
2024-07-30 09:38:45.804 +08:00 [INF] Request starting HTTP/2 GET https://localhost:7025/auditLogs - null null
2024-07-30 09:38:45.863 +08:00 [INF] Executing endpoint '/auditLogs (/auditLogs)'
2024-07-30 09:38:45.881 +08:00 [INF] Executed endpoint '/auditLogs (/auditLogs)'
2024-07-30 09:38:45.895 +08:00 [INF] Request finished HTTP/2 GET https://localhost:7025/auditLogs - 200 null text/html; charset=utf-8 90.9678ms
2024-07-30 09:38:46.570 +08:00 [INF] Request starting HTTP/2 GET https://localhost:7025/roles - null null
2024-07-30 09:38:46.655 +08:00 [INF] Executing endpoint '/roles (/roles)'
2024-07-30 09:38:46.687 +08:00 [INF] Executed endpoint '/roles (/roles)'
2024-07-30 09:38:46.696 +08:00 [INF] Request finished HTTP/2 GET https://localhost:7025/roles - 200 null text/html; charset=utf-8 125.4076ms
2024-07-30 09:38:47.167 +08:00 [INF] Request starting HTTP/2 GET https://localhost:7025/systemLogs - null null
2024-07-30 09:38:47.231 +08:00 [INF] Executing endpoint '/systemLogs (/systemLogs)'
2024-07-30 09:38:47.249 +08:00 [INF] Executed endpoint '/systemLogs (/systemLogs)'
2024-07-30 09:38:47.257 +08:00 [INF] Request finished HTTP/2 GET https://localhost:7025/systemLogs - 200 null text/html; charset=utf-8 88.8562ms
2024-07-30 09:38:47.993 +08:00 [INF] Request starting HTTP/2 GET https://localhost:7025/users - null null
2024-07-30 09:38:48.043 +08:00 [INF] Executing endpoint '/users (/users)'
2024-07-30 09:38:48.068 +08:00 [INF] Executed endpoint '/users (/users)'
2024-07-30 09:38:48.077 +08:00 [INF] Request finished HTTP/2 GET https://localhost:7025/users - 200 null text/html; charset=utf-8 83.9855ms
2024-07-30 09:38:48.762 +08:00 [INF] Request starting HTTP/2 GET https://localhost:7025/auditLogs - null null
2024-07-30 09:38:48.803 +08:00 [INF] Executing endpoint '/auditLogs (/auditLogs)'
2024-07-30 09:38:48.829 +08:00 [INF] Executed endpoint '/auditLogs (/auditLogs)'
2024-07-30 09:38:48.839 +08:00 [INF] Request finished HTTP/2 GET https://localhost:7025/auditLogs - 200 null text/html; charset=utf-8 76.6117ms
2024-07-30 09:38:49.567 +08:00 [INF] Request starting HTTP/2 GET https://localhost:7025/systemLogs - null null
2024-07-30 09:38:49.646 +08:00 [INF] Executing endpoint '/systemLogs (/systemLogs)'
2024-07-30 09:38:49.664 +08:00 [INF] Executed endpoint '/systemLogs (/systemLogs)'
2024-07-30 09:38:49.670 +08:00 [INF] Request finished HTTP/2 GET https://localhost:7025/systemLogs - 200 null text/html; charset=utf-8 103.9757ms
2024-07-30 09:38:53.209 +08:00 [INF] Request starting HTTP/2 GET https://localhost:7025/auditLogs - null null
2024-07-30 09:38:53.284 +08:00 [INF] Executing endpoint '/auditLogs (/auditLogs)'
2024-07-30 09:38:53.296 +08:00 [INF] Executed endpoint '/auditLogs (/auditLogs)'
2024-07-30 09:38:53.308 +08:00 [INF] Request finished HTTP/2 GET https://localhost:7025/auditLogs - 200 null text/html; charset=utf-8 100.4794ms
2024-07-30 09:38:54.347 +08:00 [INF] Request starting HTTP/2 GET https://localhost:7025/systemLogs - null null
2024-07-30 09:38:54.406 +08:00 [INF] Executing endpoint '/systemLogs (/systemLogs)'
2024-07-30 09:38:54.433 +08:00 [INF] Executed endpoint '/systemLogs (/systemLogs)'
2024-07-30 09:38:54.435 +08:00 [INF] Request finished HTTP/2 GET https://localhost:7025/systemLogs - 200 null text/html; charset=utf-8 88.7086ms
2024-07-30 09:38:55.876 +08:00 [INF] Request starting HTTP/2 GET https://localhost:7025/auditLogs - null null
2024-07-30 09:38:55.920 +08:00 [INF] Executing endpoint '/auditLogs (/auditLogs)'
2024-07-30 09:38:55.940 +08:00 [INF] Executed endpoint '/auditLogs (/auditLogs)'
2024-07-30 09:38:55.948 +08:00 [INF] Request finished HTTP/2 GET https://localhost:7025/auditLogs - 200 null text/html; charset=utf-8 71.6936ms
2024-07-30 09:38:56.482 +08:00 [INF] Request starting HTTP/2 GET https://localhost:7025/systemLogs - null null
2024-07-30 09:38:56.524 +08:00 [INF] Executing endpoint '/systemLogs (/systemLogs)'
2024-07-30 09:38:56.557 +08:00 [INF] Executed endpoint '/systemLogs (/systemLogs)'
2024-07-30 09:38:56.570 +08:00 [INF] Request finished HTTP/2 GET https://localhost:7025/systemLogs - 200 null text/html; charset=utf-8 87.8656ms
2024-07-30 09:38:57.148 +08:00 [INF] Request starting HTTP/2 GET https://localhost:7025/roles - null null
2024-07-30 09:38:57.240 +08:00 [INF] Executing endpoint '/roles (/roles)'
2024-07-30 09:38:57.278 +08:00 [INF] Executed endpoint '/roles (/roles)'
2024-07-30 09:38:57.289 +08:00 [INF] Request finished HTTP/2 GET https://localhost:7025/roles - 200 null text/html; charset=utf-8 142.4261ms
2024-07-30 09:38:57.668 +08:00 [INF] Request starting HTTP/2 GET https://localhost:7025/auditLogs - null null
2024-07-30 09:38:57.736 +08:00 [INF] Executing endpoint '/auditLogs (/auditLogs)'
2024-07-30 09:38:57.772 +08:00 [INF] Executed endpoint '/auditLogs (/auditLogs)'
2024-07-30 09:38:57.782 +08:00 [INF] Request finished HTTP/2 GET https://localhost:7025/auditLogs - 200 null text/html; charset=utf-8 114.5607ms
2024-07-30 09:38:58.342 +08:00 [INF] Request starting HTTP/2 GET https://localhost:7025/systemLogs - null null
2024-07-30 09:38:58.417 +08:00 [INF] Executing endpoint '/systemLogs (/systemLogs)'
2024-07-30 09:38:58.444 +08:00 [INF] Executed endpoint '/systemLogs (/systemLogs)'
2024-07-30 09:38:58.448 +08:00 [INF] Request finished HTTP/2 GET https://localhost:7025/systemLogs - 200 null text/html; charset=utf-8 106.3659ms
2024-07-30 09:38:59.838 +08:00 [INF] Request starting HTTP/2 GET https://localhost:7025/auditLogs - null null
2024-07-30 09:38:59.903 +08:00 [INF] Executing endpoint '/auditLogs (/auditLogs)'
2024-07-30 09:38:59.918 +08:00 [INF] Executed endpoint '/auditLogs (/auditLogs)'
2024-07-30 09:38:59.924 +08:00 [INF] Request finished HTTP/2 GET https://localhost:7025/auditLogs - 200 null text/html; charset=utf-8 86.6138ms
2024-07-30 09:39:00.798 +08:00 [INF] Request starting HTTP/2 GET https://localhost:7025/users - null null
2024-07-30 09:39:00.849 +08:00 [INF] Executing endpoint '/users (/users)'
2024-07-30 09:39:00.869 +08:00 [INF] Executed endpoint '/users (/users)'
2024-07-30 09:39:00.878 +08:00 [INF] Request finished HTTP/2 GET https://localhost:7025/users - 200 null text/html; charset=utf-8 80.7846ms
2024-07-30 09:39:02.793 +08:00 [INF] Request starting HTTP/2 GET https://localhost:7025/roles - null null
2024-07-30 09:39:02.871 +08:00 [INF] Executing endpoint '/roles (/roles)'
2024-07-30 09:39:02.903 +08:00 [INF] Executed endpoint '/roles (/roles)'
2024-07-30 09:39:02.907 +08:00 [INF] Request finished HTTP/2 GET https://localhost:7025/roles - 200 null text/html; charset=utf-8 113.4664ms
2024-07-30 09:39:03.571 +08:00 [INF] Request starting HTTP/2 GET https://localhost:7025/users - null null
2024-07-30 09:39:03.622 +08:00 [INF] Executing endpoint '/users (/users)'
2024-07-30 09:39:03.660 +08:00 [INF] Executed endpoint '/users (/users)'
2024-07-30 09:39:03.680 +08:00 [INF] Request finished HTTP/2 GET https://localhost:7025/users - 200 null text/html; charset=utf-8 109.7272ms
2024-07-30 09:39:05.148 +08:00 [INF] Request starting HTTP/2 GET https://localhost:7025/roles - null null
2024-07-30 09:39:05.208 +08:00 [INF] Executing endpoint '/roles (/roles)'
2024-07-30 09:39:05.227 +08:00 [INF] Executed endpoint '/roles (/roles)'
2024-07-30 09:39:05.238 +08:00 [INF] Request finished HTTP/2 GET https://localhost:7025/roles - 200 null text/html; charset=utf-8 91.5629ms
2024-07-30 09:39:07.420 +08:00 [INF] Request starting HTTP/2 GET https://localhost:7025/systemLogs - null null
2024-07-30 09:39:07.482 +08:00 [INF] Executing endpoint '/systemLogs (/systemLogs)'
2024-07-30 09:39:07.498 +08:00 [INF] Executed endpoint '/systemLogs (/systemLogs)'
2024-07-30 09:39:07.502 +08:00 [INF] Request finished HTTP/2 GET https://localhost:7025/systemLogs - 200 null text/html; charset=utf-8 83.7041ms
2024-07-30 09:40:28.960 +08:00 [INF] Request starting HTTP/2 GET https://localhost:7025/users - null null
2024-07-30 09:40:29.078 +08:00 [INF] Executing endpoint '/users (/users)'
2024-07-30 09:40:29.110 +08:00 [INF] Executed endpoint '/users (/users)'
2024-07-30 09:40:29.122 +08:00 [INF] Request finished HTTP/2 GET https://localhost:7025/users - 200 null text/html; charset=utf-8 163.4373ms
2024-07-30 09:40:29.475 +08:00 [INF] Request starting HTTP/2 GET https://localhost:7025/roles - null null
2024-07-30 09:40:29.546 +08:00 [INF] Executing endpoint '/roles (/roles)'
2024-07-30 09:40:29.565 +08:00 [INF] Executed endpoint '/roles (/roles)'
2024-07-30 09:40:29.572 +08:00 [INF] Request finished HTTP/2 GET https://localhost:7025/roles - 200 null text/html; charset=utf-8 97.5081ms
2024-07-30 09:40:30.686 +08:00 [INF] Request starting HTTP/2 GET https://localhost:7025/auditLogs - null null
2024-07-30 09:40:30.743 +08:00 [INF] Executing endpoint '/auditLogs (/auditLogs)'
2024-07-30 09:40:30.770 +08:00 [INF] Executed endpoint '/auditLogs (/auditLogs)'
2024-07-30 09:40:30.775 +08:00 [INF] Request finished HTTP/2 GET https://localhost:7025/auditLogs - 200 null text/html; charset=utf-8 89.4742ms
2024-07-30 09:40:31.138 +08:00 [INF] Request starting HTTP/2 GET https://localhost:7025/users - null null
2024-07-30 09:40:31.175 +08:00 [INF] Executing endpoint '/users (/users)'
2024-07-30 09:40:31.185 +08:00 [INF] Executed endpoint '/users (/users)'
2024-07-30 09:40:31.194 +08:00 [INF] Request finished HTTP/2 GET https://localhost:7025/users - 200 null text/html; charset=utf-8 55.9609ms
2024-07-30 09:40:32.398 +08:00 [INF] Request starting HTTP/2 GET https://localhost:7025/weather - null null
2024-07-30 09:40:32.452 +08:00 [INF] Executing endpoint '/weather (/weather)'
2024-07-30 09:40:32.471 +08:00 [INF] Executed endpoint '/weather (/weather)'
2024-07-30 09:40:32.479 +08:00 [INF] Request finished HTTP/2 GET https://localhost:7025/weather - 200 null text/html; charset=utf-8 80.7474ms
2024-07-30 09:40:46.031 +08:00 [INF] Request starting HTTP/2 GET https://localhost:7025/users - null null
2024-07-30 09:40:46.077 +08:00 [INF] Executing endpoint '/users (/users)'
2024-07-30 09:40:46.098 +08:00 [INF] Executed endpoint '/users (/users)'
2024-07-30 09:40:46.109 +08:00 [INF] Request finished HTTP/2 GET https://localhost:7025/users - 200 null text/html; charset=utf-8 78.4673ms
2024-07-30 09:42:01.270 +08:00 [INF] Request starting HTTP/2 GET https://localhost:7025/roles - null null
2024-07-30 09:42:01.373 +08:00 [INF] Executing endpoint '/roles (/roles)'
2024-07-30 09:42:01.397 +08:00 [INF] Executed endpoint '/roles (/roles)'
2024-07-30 09:42:01.404 +08:00 [INF] Request finished HTTP/2 GET https://localhost:7025/roles - 200 null text/html; charset=utf-8 134.3882ms
2024-07-30 09:42:01.850 +08:00 [INF] Request starting HTTP/2 GET https://localhost:7025/auditLogs - null null
2024-07-30 09:42:01.938 +08:00 [INF] Executing endpoint '/auditLogs (/auditLogs)'
2024-07-30 09:42:01.950 +08:00 [INF] Executed endpoint '/auditLogs (/auditLogs)'
2024-07-30 09:42:01.958 +08:00 [INF] Request finished HTTP/2 GET https://localhost:7025/auditLogs - 200 null text/html; charset=utf-8 108.0164ms
2024-07-30 09:42:02.382 +08:00 [INF] Request starting HTTP/2 GET https://localhost:7025/users - null null
2024-07-30 09:42:02.438 +08:00 [INF] Executing endpoint '/users (/users)'
2024-07-30 09:42:02.448 +08:00 [INF] Executed endpoint '/users (/users)'
2024-07-30 09:42:02.470 +08:00 [INF] Request finished HTTP/2 GET https://localhost:7025/users - 200 null text/html; charset=utf-8 87.5358ms
2024-07-30 09:42:03.184 +08:00 [INF] Request starting HTTP/2 GET https://localhost:7025/systemLogs - null null
2024-07-30 09:42:03.251 +08:00 [INF] Executing endpoint '/systemLogs (/systemLogs)'
2024-07-30 09:42:03.272 +08:00 [INF] Executed endpoint '/systemLogs (/systemLogs)'
2024-07-30 09:42:03.276 +08:00 [INF] Request finished HTTP/2 GET https://localhost:7025/systemLogs - 200 null text/html; charset=utf-8 92.9ms
2024-07-30 09:42:04.408 +08:00 [INF] Request starting HTTP/2 GET https://localhost:7025/roles - null null
2024-07-30 09:42:04.475 +08:00 [INF] Executing endpoint '/roles (/roles)'
2024-07-30 09:42:04.488 +08:00 [INF] Executed endpoint '/roles (/roles)'
2024-07-30 09:42:04.494 +08:00 [INF] Request finished HTTP/2 GET https://localhost:7025/roles - 200 null text/html; charset=utf-8 87.3251ms
2024-07-30 09:42:06.194 +08:00 [INF] Request starting HTTP/2 GET https://localhost:7025/users - null null
2024-07-30 09:42:06.226 +08:00 [INF] Executing endpoint '/users (/users)'
2024-07-30 09:42:06.240 +08:00 [INF] Executed endpoint '/users (/users)'
2024-07-30 09:42:06.255 +08:00 [INF] Request finished HTTP/2 GET https://localhost:7025/users - 200 null text/html; charset=utf-8 61.7874ms
2024-07-30 09:42:10.525 +08:00 [INF] Request starting HTTP/2 GET https://localhost:7025/weather - null null
2024-07-30 09:42:10.599 +08:00 [INF] Executing endpoint '/weather (/weather)'
2024-07-30 09:42:10.619 +08:00 [INF] Executed endpoint '/weather (/weather)'
2024-07-30 09:42:10.634 +08:00 [INF] Request finished HTTP/2 GET https://localhost:7025/weather - 200 null text/html; charset=utf-8 110.0812ms
2024-07-30 09:42:11.537 +08:00 [INF] Request starting HTTP/2 GET https://localhost:7025/auditLogs - null null
2024-07-30 09:42:11.579 +08:00 [INF] Executing endpoint '/auditLogs (/auditLogs)'
2024-07-30 09:42:11.592 +08:00 [INF] Executed endpoint '/auditLogs (/auditLogs)'
2024-07-30 09:42:11.598 +08:00 [INF] Request finished HTTP/2 GET https://localhost:7025/auditLogs - 200 null text/html; charset=utf-8 61.5818ms
2024-07-30 09:42:14.954 +08:00 [INF] Request starting HTTP/2 GET https://localhost:7025/systemLogs - null null
2024-07-30 09:42:14.990 +08:00 [INF] Executing endpoint '/systemLogs (/systemLogs)'
2024-07-30 09:42:15.001 +08:00 [INF] Executed endpoint '/systemLogs (/systemLogs)'
2024-07-30 09:42:15.005 +08:00 [INF] Request finished HTTP/2 GET https://localhost:7025/systemLogs - 200 null text/html; charset=utf-8 50.9479ms
2024-07-30 09:42:16.114 +08:00 [INF] Request starting HTTP/2 GET https://localhost:7025/roles - null null
2024-07-30 09:42:16.173 +08:00 [INF] Executing endpoint '/roles (/roles)'
2024-07-30 09:42:16.184 +08:00 [INF] Executed endpoint '/roles (/roles)'
2024-07-30 09:42:16.192 +08:00 [INF] Request finished HTTP/2 GET https://localhost:7025/roles - 200 null text/html; charset=utf-8 78.6128ms
2024-07-30 09:42:18.023 +08:00 [INF] Request starting HTTP/2 GET https://localhost:7025/weather - null null
2024-07-30 09:42:18.078 +08:00 [INF] Executing endpoint '/weather (/weather)'
2024-07-30 09:42:18.099 +08:00 [INF] Executed endpoint '/weather (/weather)'
2024-07-30 09:42:18.108 +08:00 [INF] Request finished HTTP/2 GET https://localhost:7025/weather - 200 null text/html; charset=utf-8 85.9862ms
2024-07-30 09:42:27.455 +08:00 [INF] Request starting HTTP/2 GET https://localhost:7025/Account/Logout - null null
2024-07-30 09:42:27.493 +08:00 [INF] Executing endpoint '/Account/Logout (/Account/Logout)'
2024-07-30 09:42:27.529 +08:00 [INF] AuthenticationScheme: Identity.Application signed out.
2024-07-30 09:42:27.535 +08:00 [INF] AuthenticationScheme: Identity.External signed out.
2024-07-30 09:42:27.544 +08:00 [INF] AuthenticationScheme: Identity.TwoFactorUserId signed out.
2024-07-30 09:42:27.550 +08:00 [INF] User logout.
2024-07-30 09:42:27.628 +08:00 [INF] Executed endpoint '/Account/Logout (/Account/Logout)'
2024-07-30 09:42:27.633 +08:00 [INF] Request finished HTTP/2 GET https://localhost:7025/Account/Logout - 302 null text/html; charset=utf-8 178.4642ms
2024-07-30 09:42:27.635 +08:00 [INF] Request starting HTTP/2 GET https://localhost:7025/Account/Login - null null
2024-07-30 09:42:27.674 +08:00 [INF] Executing endpoint '/Account/Login (/Account/Login)'
2024-07-30 09:42:27.680 +08:00 [INF] AuthenticationScheme: Identity.External signed out.
2024-07-30 09:42:27.699 +08:00 [INF] Executed endpoint '/Account/Login (/Account/Login)'
2024-07-30 09:42:27.704 +08:00 [INF] Request finished HTTP/2 GET https://localhost:7025/Account/Login - 200 null text/html; charset=utf-8 68.4325ms
2024-07-30 09:42:29.648 +08:00 [INF] Request starting HTTP/2 GET https://localhost:7025/Account/Register - null null
2024-07-30 09:42:29.673 +08:00 [INF] Executing endpoint '/Account/Register (/Account/Register)'
2024-07-30 09:42:29.682 +08:00 [INF] Executed endpoint '/Account/Register (/Account/Register)'
2024-07-30 09:42:29.684 +08:00 [INF] Request finished HTTP/2 GET https://localhost:7025/Account/Register - 200 null text/html; charset=utf-8 36.4076ms
2024-07-30 09:42:29.689 +08:00 [INF] Request starting HTTP/2 GET https://localhost:7025/img/avatar/8.svg - null null
2024-07-30 09:42:29.695 +08:00 [INF] The file /img/avatar/8.svg was not modified
2024-07-30 09:42:29.697 +08:00 [INF] Request finished HTTP/2 GET https://localhost:7025/img/avatar/8.svg - 304 null image/svg+xml 8.6343ms
2024-07-30 09:42:29.724 +08:00 [INF] Request starting HTTP/2 POST https://localhost:7025/_blazor/disconnect - multipart/form-data; boundary=----WebKitFormBoundarySAclwQK3Gsk5jvCR 359
2024-07-30 09:42:29.725 +08:00 [INF] Executed endpoint 'Microsoft.AspNetCore.Routing.RouteEndpoint'
2024-07-30 09:42:29.728 +08:00 [INF] Executing endpoint 'Microsoft.AspNetCore.Routing.RouteEndpoint'
2024-07-30 09:42:29.730 +08:00 [INF] Request finished HTTP/2 CONNECT https://localhost:7025/_blazor?id=zl_SVRGmY0fsKZeU-l9TAA - 200 null null 239938.1282ms
2024-07-30 09:42:29.732 +08:00 [INF] Executed endpoint 'Microsoft.AspNetCore.Routing.RouteEndpoint'
2024-07-30 09:42:29.739 +08:00 [INF] Connection id "0HN5G714DKH68", Request id "0HN5G714DKH68:00000011": the application completed without reading the entire request body.
2024-07-30 09:42:29.741 +08:00 [INF] Request finished HTTP/2 POST https://localhost:7025/_blazor/disconnect - 200 0 null 17.0528ms
2024-07-30 09:42:30.608 +08:00 [INF] Request starting HTTP/2 GET https://localhost:7025/ - null null
2024-07-30 09:42:30.635 +08:00 [INF] Executing endpoint '/ (/)'
2024-07-30 09:42:30.641 +08:00 [INF] Executed endpoint '/ (/)'
2024-07-30 09:42:30.642 +08:00 [INF] Request finished HTTP/2 GET https://localhost:7025/ - 200 null text/html; charset=utf-8 34.4832ms
2024-07-30 09:42:30.648 +08:00 [INF] Request starting HTTP/2 POST https://localhost:7025/_blazor/negotiate?negotiateVersion=1 - null 0
2024-07-30 09:42:30.658 +08:00 [INF] Executing endpoint 'Microsoft.AspNetCore.Routing.RouteEndpoint'
2024-07-30 09:42:30.660 +08:00 [INF] Executed endpoint 'Microsoft.AspNetCore.Routing.RouteEndpoint'
2024-07-30 09:42:30.662 +08:00 [INF] Request finished HTTP/2 POST https://localhost:7025/_blazor/negotiate?negotiateVersion=1 - 200 316 application/json 14.2116ms
2024-07-30 09:42:30.664 +08:00 [INF] Request starting HTTP/2 CONNECT https://localhost:7025/_blazor?id=p2MvlumkY6_ndHgQd8e-rA - null null
2024-07-30 09:42:30.674 +08:00 [INF] Executing endpoint 'Microsoft.AspNetCore.Routing.RouteEndpoint'
2024-07-30 09:42:30.695 +08:00 [INF] Authorization failed. These requirements were not met:
DenyAnonymousAuthorizationRequirement: Requires an authenticated user.
2024-07-30 09:42:30.716 +08:00 [INF] Authorization failed. These requirements were not met:
DenyAnonymousAuthorizationRequirement: Requires an authenticated user.
2024-07-30 09:42:30.718 +08:00 [INF] Authorization failed. These requirements were not met:
DenyAnonymousAuthorizationRequirement: Requires an authenticated user.
2024-07-30 09:49:27.789 +08:00 [INF] Request starting HTTP/2 POST https://localhost:7025/_blazor/disconnect - multipart/form-data; boundary=----WebKitFormBoundarykltevDzkM92g4DWi 359
2024-07-30 09:49:27.795 +08:00 [INF] Executing endpoint 'Microsoft.AspNetCore.Routing.RouteEndpoint'
2024-07-30 09:49:27.797 +08:00 [INF] Executed endpoint 'Microsoft.AspNetCore.Routing.RouteEndpoint'
2024-07-30 09:49:27.806 +08:00 [INF] Request finished HTTP/2 POST https://localhost:7025/_blazor/disconnect - 200 0 null 12.3311ms
2024-07-30 09:49:27.830 +08:00 [INF] Executed endpoint 'Microsoft.AspNetCore.Routing.RouteEndpoint'
2024-07-30 09:49:27.833 +08:00 [INF] Request finished HTTP/2 CONNECT https://localhost:7025/_blazor?id=p2MvlumkY6_ndHgQd8e-rA - 200 null null 417168.61ms
