2024-08-01 12:00:17.160 +08:00 [INF] User profile is available. Using 'C:\Users\jameson\AppData\Local\ASP.NET\DataProtection-Keys' as key repository and Windows DPAPI to encrypt keys at rest.
2024-08-01 12:00:17.706 +08:00 [INF] Now listening on: https://localhost:7025
2024-08-01 12:00:17.708 +08:00 [INF] Now listening on: http://localhost:5003
2024-08-01 12:00:17.713 +08:00 [INF] Application started. Press Ctrl+C to shut down.
2024-08-01 12:00:17.715 +08:00 [INF] Hosting environment: Development
2024-08-01 12:00:17.717 +08:00 [INF] Content root path: C:\Users\jameson\source\repos\ShinetechFZ\orchard_saas_admin\OrchardCore.Cms.SaasAdmin\src\Blazor.Admin.Web
2024-08-01 12:00:19.806 +08:00 [INF] Request starting HTTP/2 GET https://localhost:7025/ - null null
2024-08-01 12:00:19.985 +08:00 [INF] Executing endpoint '/ (/)'
2024-08-01 12:00:20.221 +08:00 [INF] Executed endpoint '/ (/)'
2024-08-01 12:00:20.234 +08:00 [INF] Request starting HTTP/2 GET https://localhost:7025/_content/MagicPropsComponents/libs/bootstrap/css/bootstrap.min.css - null null
2024-08-01 12:00:20.227 +08:00 [INF] Request starting HTTP/2 GET https://localhost:7025/app.css - null null
2024-08-01 12:00:20.227 +08:00 [INF] Request starting HTTP/2 GET https://localhost:7025/bootstrap/bootstrap.min.css - null null
2024-08-01 12:00:20.233 +08:00 [INF] Request starting HTTP/2 GET https://localhost:7025/_content/MagicPropsComponents/css/font-awesome.css - null null
2024-08-01 12:00:20.229 +08:00 [INF] Request starting HTTP/2 GET https://localhost:7025/_content/MagicPropsComponents/svgs/svgcss.css - null null
2024-08-01 12:00:20.227 +08:00 [INF] Request starting HTTP/2 GET https://localhost:7025/Blazor.Admin.Web.styles.css - null null
2024-08-01 12:00:20.239 +08:00 [INF] Request starting HTTP/2 GET https://localhost:7025/_content/MagicPropsComponents/components/draggabledroppable.js - null null
2024-08-01 12:00:20.247 +08:00 [INF] Request starting HTTP/2 GET https://localhost:7025/css/theme.css - null null
2024-08-01 12:00:20.253 +08:00 [INF] Request finished HTTP/2 GET https://localhost:7025/ - 200 null text/html; charset=utf-8 450.7468ms
2024-08-01 12:00:20.257 +08:00 [INF] The file /app.css was not modified
2024-08-01 12:00:20.257 +08:00 [INF] The file /_content/MagicPropsComponents/libs/bootstrap/css/bootstrap.min.css was not modified
2024-08-01 12:00:20.261 +08:00 [INF] The file /bootstrap/bootstrap.min.css was not modified
2024-08-01 12:00:20.264 +08:00 [INF] The file /_content/MagicPropsComponents/css/font-awesome.css was not modified
2024-08-01 12:00:20.269 +08:00 [INF] The file /_content/MagicPropsComponents/svgs/svgcss.css was not modified
2024-08-01 12:00:20.273 +08:00 [INF] The file /Blazor.Admin.Web.styles.css was not modified
2024-08-01 12:00:20.278 +08:00 [INF] The file /_content/MagicPropsComponents/components/draggabledroppable.js was not modified
2024-08-01 12:00:20.283 +08:00 [INF] The file /css/theme.css was not modified
2024-08-01 12:00:20.289 +08:00 [INF] Request starting HTTP/2 GET https://localhost:7025/_content/MagicPropsComponents/css/themes/default.css - null null
2024-08-01 12:00:20.290 +08:00 [INF] Request finished HTTP/2 GET https://localhost:7025/app.css - 304 null text/css 62.1818ms
2024-08-01 12:00:20.292 +08:00 [INF] Request finished HTTP/2 GET https://localhost:7025/_content/MagicPropsComponents/libs/bootstrap/css/bootstrap.min.css - 304 null text/css 63.0689ms
2024-08-01 12:00:20.293 +08:00 [INF] Request finished HTTP/2 GET https://localhost:7025/bootstrap/bootstrap.min.css - 304 null text/css 65.9166ms
2024-08-01 12:00:20.295 +08:00 [INF] Request finished HTTP/2 GET https://localhost:7025/_content/MagicPropsComponents/css/font-awesome.css - 304 null text/css 65.9735ms
2024-08-01 12:00:20.297 +08:00 [INF] Request finished HTTP/2 GET https://localhost:7025/_content/MagicPropsComponents/svgs/svgcss.css - 304 null text/css 68.5421ms
2024-08-01 12:00:20.302 +08:00 [INF] Request finished HTTP/2 GET https://localhost:7025/Blazor.Admin.Web.styles.css - 304 null text/css 74.9112ms
2024-08-01 12:00:20.304 +08:00 [INF] Request finished HTTP/2 GET https://localhost:7025/_content/MagicPropsComponents/components/draggabledroppable.js - 304 null text/javascript 66.029ms
2024-08-01 12:00:20.307 +08:00 [INF] Request finished HTTP/2 GET https://localhost:7025/css/theme.css - 304 null text/css 59.8608ms
2024-08-01 12:00:20.312 +08:00 [INF] The file /_content/MagicPropsComponents/css/themes/default.css was not modified
2024-08-01 12:00:20.317 +08:00 [INF] Request starting HTTP/2 GET https://localhost:7025/js/shared.js - null null
2024-08-01 12:00:20.329 +08:00 [INF] Request starting HTTP/2 GET https://localhost:7025/_content/MagicPropsComponents/components/toast/toast.js - null null
2024-08-01 12:00:20.329 +08:00 [INF] Request starting HTTP/2 GET https://localhost:7025/_content/MagicPropsComponents/js/shared.js - null null
2024-08-01 12:00:20.335 +08:00 [INF] Request starting HTTP/2 GET https://localhost:7025/_content/MagicPropsComponents/libs/jquery/jquery-ui.min.js - null null
2024-08-01 12:00:20.341 +08:00 [INF] Request starting HTTP/2 GET https://localhost:7025/_content/MagicPropsComponents/components/popup/popup.js - null null
2024-08-01 12:00:20.346 +08:00 [INF] Request starting HTTP/2 GET https://localhost:7025/_content/MagicPropsComponents/components/mppivottable/pivottable.js - null null
2024-08-01 12:00:20.351 +08:00 [INF] Request starting HTTP/2 GET https://localhost:7025/_content/MagicPropsComponents/libs/jquery/jquery.min.js - null null
2024-08-01 12:00:20.357 +08:00 [INF] Request starting HTTP/2 GET https://localhost:7025/_content/MagicPropsComponents/libs/bootstrap/js/bootstrap.bundle.min.js - null null
2024-08-01 12:00:20.360 +08:00 [INF] Request finished HTTP/2 GET https://localhost:7025/_content/MagicPropsComponents/css/themes/default.css - 304 null text/css 70.7808ms
2024-08-01 12:00:20.366 +08:00 [INF] The file /js/shared.js was not modified
2024-08-01 12:00:20.369 +08:00 [INF] The file /_content/MagicPropsComponents/components/toast/toast.js was not modified
2024-08-01 12:00:20.376 +08:00 [INF] The file /_content/MagicPropsComponents/js/shared.js was not modified
2024-08-01 12:00:20.381 +08:00 [INF] The file /_content/MagicPropsComponents/libs/jquery/jquery-ui.min.js was not modified
2024-08-01 12:00:20.386 +08:00 [INF] The file /_content/MagicPropsComponents/components/popup/popup.js was not modified
2024-08-01 12:00:20.390 +08:00 [INF] The file /_content/MagicPropsComponents/components/mppivottable/pivottable.js was not modified
2024-08-01 12:00:20.395 +08:00 [INF] The file /_content/MagicPropsComponents/libs/jquery/jquery.min.js was not modified
2024-08-01 12:00:20.398 +08:00 [INF] The file /_content/MagicPropsComponents/libs/bootstrap/js/bootstrap.bundle.min.js was not modified
2024-08-01 12:00:20.404 +08:00 [INF] Request starting HTTP/2 GET https://localhost:7025/_content/MagicPropsComponents/components/tabctrl/tabctrl.js - null null
2024-08-01 12:00:20.405 +08:00 [INF] Request finished HTTP/2 GET https://localhost:7025/js/shared.js - 304 null text/javascript 88.5646ms
2024-08-01 12:00:20.407 +08:00 [INF] Request finished HTTP/2 GET https://localhost:7025/_content/MagicPropsComponents/components/toast/toast.js - 304 null text/javascript 77.124ms
2024-08-01 12:00:20.410 +08:00 [INF] Request finished HTTP/2 GET https://localhost:7025/_content/MagicPropsComponents/js/shared.js - 304 null text/javascript 80.1425ms
2024-08-01 12:00:20.412 +08:00 [INF] Request finished HTTP/2 GET https://localhost:7025/_content/MagicPropsComponents/libs/jquery/jquery-ui.min.js - 304 null text/javascript 77.4883ms
2024-08-01 12:00:20.415 +08:00 [INF] Request finished HTTP/2 GET https://localhost:7025/_content/MagicPropsComponents/components/popup/popup.js - 304 null text/javascript 73.9206ms
2024-08-01 12:00:20.417 +08:00 [INF] Request finished HTTP/2 GET https://localhost:7025/_content/MagicPropsComponents/components/mppivottable/pivottable.js - 304 null text/javascript 70.5307ms
2024-08-01 12:00:20.430 +08:00 [INF] Request starting HTTP/2 GET https://localhost:7025/_content/MagicPropsComponents/components/input/input.js - null null
2024-08-01 12:00:20.436 +08:00 [INF] Request starting HTTP/2 GET https://localhost:7025/_content/MagicPropsComponents/components/datagrid/mpdatagrid.js - null null
2024-08-01 12:00:20.442 +08:00 [INF] Request starting HTTP/2 GET https://localhost:7025/_content/MagicPropsComponents/components/modal/modal.js - null null
2024-08-01 12:00:20.425 +08:00 [INF] The file /_content/MagicPropsComponents/components/tabctrl/tabctrl.js was not modified
2024-08-01 12:00:20.448 +08:00 [INF] Request starting HTTP/2 GET https://localhost:7025/_framework/blazor.web.js - null null
2024-08-01 12:00:20.419 +08:00 [INF] Request finished HTTP/2 GET https://localhost:7025/_content/MagicPropsComponents/libs/jquery/jquery.min.js - 304 null text/javascript 67.7918ms
2024-08-01 12:00:20.469 +08:00 [INF] The file /_content/MagicPropsComponents/components/input/input.js was not modified
2024-08-01 12:00:20.473 +08:00 [INF] The file /_content/MagicPropsComponents/components/datagrid/mpdatagrid.js was not modified
2024-08-01 12:00:20.478 +08:00 [INF] The file /_content/MagicPropsComponents/components/modal/modal.js was not modified
2024-08-01 12:00:20.480 +08:00 [INF] Request finished HTTP/2 GET https://localhost:7025/_content/MagicPropsComponents/components/tabctrl/tabctrl.js - 304 null text/javascript 76.0934ms
2024-08-01 12:00:20.456 +08:00 [INF] Request starting HTTP/2 GET https://localhost:7025/_framework/aspnetcore-browser-refresh.js - null null
2024-08-01 12:00:20.421 +08:00 [INF] Request finished HTTP/2 GET https://localhost:7025/_content/MagicPropsComponents/libs/bootstrap/js/bootstrap.bundle.min.js - 304 null text/javascript 63.5594ms
2024-08-01 12:00:20.494 +08:00 [INF] Request finished HTTP/2 GET https://localhost:7025/_content/MagicPropsComponents/components/input/input.js - 304 null text/javascript 63.7459ms
2024-08-01 12:00:20.498 +08:00 [INF] Request finished HTTP/2 GET https://localhost:7025/_content/MagicPropsComponents/components/datagrid/mpdatagrid.js - 304 null text/javascript 62.0995ms
2024-08-01 12:00:20.500 +08:00 [INF] Request finished HTTP/2 GET https://localhost:7025/_content/MagicPropsComponents/components/modal/modal.js - 304 null text/javascript 58.0502ms
2024-08-01 12:00:20.486 +08:00 [INF] Executing endpoint 'Blazor web static files'
2024-08-01 12:00:20.516 +08:00 [INF] Request finished HTTP/2 GET https://localhost:7025/_framework/aspnetcore-browser-refresh.js - 200 13768 application/javascript; charset=utf-8 58.8955ms
2024-08-01 12:00:20.538 +08:00 [INF] The file /_framework/blazor.web.js was not modified
2024-08-01 12:00:20.544 +08:00 [INF] Executed endpoint 'Blazor web static files'
2024-08-01 12:00:20.546 +08:00 [INF] Request finished HTTP/2 GET https://localhost:7025/_framework/blazor.web.js - 304 null text/javascript 98.6463ms
2024-08-01 12:00:20.642 +08:00 [INF] Request starting HTTP/2 GET https://localhost:7025/_content/Framework.WebCore/Framework.WebCore.bundle.scp.css - null null
2024-08-01 12:00:20.649 +08:00 [INF] The file /_content/Framework.WebCore/Framework.WebCore.bundle.scp.css was not modified
2024-08-01 12:00:20.651 +08:00 [INF] Request finished HTTP/2 GET https://localhost:7025/_content/Framework.WebCore/Framework.WebCore.bundle.scp.css - 304 null text/css 10.1148ms
2024-08-01 12:00:20.660 +08:00 [INF] Request starting HTTP/2 GET https://localhost:7025/_content/Framework.Core.Blazor.Admin.SqlServer/Framework.Core.Blazor.Admin.SqlServer.bundle.scp.css - null null
2024-08-01 12:00:20.660 +08:00 [INF] Request starting HTTP/2 GET https://localhost:7025/_content/MagicPropsComponents/MagicPropsComponents.bundle.scp.css - null null
2024-08-01 12:00:20.668 +08:00 [INF] The file /_content/Framework.Core.Blazor.Admin.SqlServer/Framework.Core.Blazor.Admin.SqlServer.bundle.scp.css was not modified
2024-08-01 12:00:20.672 +08:00 [INF] The file /_content/MagicPropsComponents/MagicPropsComponents.bundle.scp.css was not modified
2024-08-01 12:00:20.675 +08:00 [INF] Request finished HTTP/2 GET https://localhost:7025/_content/Framework.Core.Blazor.Admin.SqlServer/Framework.Core.Blazor.Admin.SqlServer.bundle.scp.css - 304 null text/css 15.0451ms
2024-08-01 12:00:20.677 +08:00 [INF] Request finished HTTP/2 GET https://localhost:7025/_content/MagicPropsComponents/MagicPropsComponents.bundle.scp.css - 304 null text/css 17.4272ms
2024-08-01 12:00:20.679 +08:00 [INF] Request starting HTTP/2 GET https://localhost:7025/_vs/browserLink - null null
2024-08-01 12:00:20.760 +08:00 [INF] Request starting HTTP/2 GET https://localhost:7025/_blazor/initializers - null null
2024-08-01 12:00:20.767 +08:00 [INF] Executing endpoint 'Microsoft.AspNetCore.Routing.RouteEndpoint'
2024-08-01 12:00:20.782 +08:00 [INF] Executed endpoint 'Microsoft.AspNetCore.Routing.RouteEndpoint'
2024-08-01 12:00:20.786 +08:00 [INF] Request finished HTTP/2 GET https://localhost:7025/_blazor/initializers - 200 null application/json; charset=utf-8 26.2492ms
2024-08-01 12:00:20.787 +08:00 [INF] Request finished HTTP/2 GET https://localhost:7025/_vs/browserLink - 200 null text/javascript; charset=UTF-8 108.4642ms
2024-08-01 12:00:20.792 +08:00 [INF] Request starting HTTP/2 POST https://localhost:7025/_blazor/negotiate?negotiateVersion=1 - null 0
2024-08-01 12:00:20.806 +08:00 [INF] Request starting HTTP/2 GET https://localhost:7025/favicon.png - null null
2024-08-01 12:00:20.810 +08:00 [INF] Request starting HTTP/1.1 GET https://localhost:7025/_content/MagicPropsComponents/libs/bootstrap/js/bootstrap.bundle.min.js.map - null null
2024-08-01 12:00:20.807 +08:00 [INF] Executing endpoint 'Microsoft.AspNetCore.Routing.RouteEndpoint'
2024-08-01 12:00:20.811 +08:00 [INF] The file /favicon.png was not modified
2024-08-01 12:00:20.819 +08:00 [INF] Request finished HTTP/2 GET https://localhost:7025/favicon.png - 304 null image/png 13.2821ms
2024-08-01 12:00:20.821 +08:00 [INF] Executed endpoint 'Microsoft.AspNetCore.Routing.RouteEndpoint'
2024-08-01 12:00:20.826 +08:00 [INF] Request finished HTTP/2 POST https://localhost:7025/_blazor/negotiate?negotiateVersion=1 - 200 316 application/json 34.1702ms
2024-08-01 12:00:20.829 +08:00 [INF] Request starting HTTP/2 CONNECT https://localhost:7025/_blazor?id=DmlkAgGLf-l6O-NWYkNlag - null null
2024-08-01 12:00:20.834 +08:00 [INF] Executing endpoint 'Microsoft.AspNetCore.Routing.RouteEndpoint'
2024-08-01 12:00:20.858 +08:00 [INF] Sending file. Request path: '/_content/MagicPropsComponents/libs/bootstrap/js/bootstrap.bundle.min.js.map'. Physical path: 'C:\Users\jameson\source\repos\ShinetechFZ\orchard_saas_admin\OrchardCore.Cms.SaasAdmin\MagicPropsComponents\wwwroot\libs\bootstrap\js\bootstrap.bundle.min.js.map'
2024-08-01 12:00:20.865 +08:00 [INF] Request finished HTTP/1.1 GET https://localhost:7025/_content/MagicPropsComponents/libs/bootstrap/js/bootstrap.bundle.min.js.map - 200 325834 text/plain 54.4943ms
2024-08-01 12:00:21.051 +08:00 [INF] Authorization failed. These requirements were not met:
DenyAnonymousAuthorizationRequirement: Requires an authenticated user.
2024-08-01 12:00:21.062 +08:00 [INF] Request starting HTTP/2 GET https://localhost:7025/img/mainLayout/logo-en.svg - null null
2024-08-01 12:00:21.062 +08:00 [INF] Request starting HTTP/2 GET https://localhost:7025/img/auth/register-v2.0a9e487c.svg - null null
2024-08-01 12:00:21.068 +08:00 [INF] The file /img/mainLayout/logo-en.svg was not modified
2024-08-01 12:00:21.062 +08:00 [INF] Request starting HTTP/2 GET https://localhost:7025/img/login/left.svg - null null
2024-08-01 12:00:21.073 +08:00 [INF] The file /img/auth/register-v2.0a9e487c.svg was not modified
2024-08-01 12:00:21.075 +08:00 [INF] Request finished HTTP/2 GET https://localhost:7025/img/mainLayout/logo-en.svg - 304 null image/svg+xml 12.747ms
2024-08-01 12:00:21.089 +08:00 [INF] The file /img/login/left.svg was not modified
2024-08-01 12:00:21.091 +08:00 [INF] Request finished HTTP/2 GET https://localhost:7025/img/auth/register-v2.0a9e487c.svg - 304 null image/svg+xml 28.7697ms
2024-08-01 12:00:21.096 +08:00 [INF] Request finished HTTP/2 GET https://localhost:7025/img/login/left.svg - 304 null image/svg+xml 33.6874ms
2024-08-01 12:00:21.466 +08:00 [INF] Authorization failed. These requirements were not met:
DenyAnonymousAuthorizationRequirement: Requires an authenticated user.
2024-08-01 12:00:21.469 +08:00 [INF] Authorization failed. These requirements were not met:
DenyAnonymousAuthorizationRequirement: Requires an authenticated user.
2024-08-01 12:00:26.500 +08:00 [INF] Authorization failed. These requirements were not met:
DenyAnonymousAuthorizationRequirement: Requires an authenticated user.
2024-08-01 12:00:26.506 +08:00 [INF] Authorization failed. These requirements were not met:
DenyAnonymousAuthorizationRequirement: Requires an authenticated user.
2024-08-01 12:00:26.512 +08:00 [INF] Request starting HTTP/2 GET https://localhost:7025/Account/Login - null null
2024-08-01 12:00:26.551 +08:00 [INF] Executing endpoint '/Account/Login (/Account/Login)'
2024-08-01 12:00:26.572 +08:00 [INF] AuthenticationScheme: Identity.External signed out.
2024-08-01 12:00:26.634 +08:00 [INF] Executed endpoint '/Account/Login (/Account/Login)'
2024-08-01 12:00:26.638 +08:00 [INF] Request finished HTTP/2 GET https://localhost:7025/Account/Login - 200 null text/html; charset=utf-8 126.4307ms
2024-08-01 12:00:26.642 +08:00 [INF] Request starting HTTP/2 GET https://localhost:7025/img/avatar/1.svg - null null
2024-08-01 12:00:26.642 +08:00 [INF] Request starting HTTP/2 GET https://localhost:7025/img/icons/home.svg - null null
2024-08-01 12:00:26.656 +08:00 [INF] The file /img/avatar/1.svg was not modified
2024-08-01 12:00:26.660 +08:00 [INF] The file /img/icons/home.svg was not modified
2024-08-01 12:00:26.661 +08:00 [INF] Request finished HTTP/2 GET https://localhost:7025/img/avatar/1.svg - 304 null image/svg+xml 19.7ms
2024-08-01 12:00:26.663 +08:00 [INF] Request finished HTTP/2 GET https://localhost:7025/img/icons/home.svg - 304 null image/svg+xml 21.7391ms
2024-08-01 12:00:28.660 +08:00 [INF] Request starting HTTP/2 POST https://localhost:7025/_blazor/disconnect - multipart/form-data; boundary=----WebKitFormBoundaryFFwWBGTFTD3ylCMz 359
2024-08-01 12:00:28.667 +08:00 [INF] Executing endpoint 'Microsoft.AspNetCore.Routing.RouteEndpoint'
2024-08-01 12:00:28.670 +08:00 [INF] Executed endpoint 'Microsoft.AspNetCore.Routing.RouteEndpoint'
2024-08-01 12:00:28.671 +08:00 [INF] Request finished HTTP/2 CONNECT https://localhost:7025/_blazor?id=DmlkAgGLf-l6O-NWYkNlag - 200 null null 7842.4117ms
2024-08-01 12:00:28.677 +08:00 [INF] Executed endpoint 'Microsoft.AspNetCore.Routing.RouteEndpoint'
2024-08-01 12:00:28.677 +08:00 [INF] Connection id "0HN5HRPQBFA4F", Request id "0HN5HRPQBFA4F:0000003F": the application completed without reading the entire request body.
2024-08-01 12:00:28.679 +08:00 [INF] Request finished HTTP/2 POST https://localhost:7025/_blazor/disconnect - 200 0 null 19.7794ms
2024-08-01 12:00:34.486 +08:00 [INF] Request starting HTTP/2 GET https://localhost:7025/_content/MagicPropsComponents/libs/bootstrap/js/bootstrap.bundle.min.js.map - null null
2024-08-01 12:00:34.486 +08:00 [INF] Request starting HTTP/2 GET https://localhost:7025/_content/MagicPropsComponents/libs/bootstrap/js/bootstrap.bundle.min.js.map - null null
2024-08-01 12:00:34.502 +08:00 [INF] Request starting HTTP/2 GET https://localhost:7025/_content/MagicPropsComponents/libs/bootstrap/css/bootstrap.min.css.map - null null
2024-08-01 12:00:34.502 +08:00 [INF] Request starting HTTP/2 GET https://localhost:7025/_content/MagicPropsComponents/libs/bootstrap/css/bootstrap.min.css.map - null null
2024-08-01 12:00:34.502 +08:00 [INF] Request starting HTTP/2 GET https://localhost:7025/bootstrap/bootstrap.min.css.map - null null
2024-08-01 12:00:34.534 +08:00 [INF] Sending file. Request path: '/_content/MagicPropsComponents/libs/bootstrap/js/bootstrap.bundle.min.js.map'. Physical path: 'C:\Users\jameson\source\repos\ShinetechFZ\orchard_saas_admin\OrchardCore.Cms.SaasAdmin\MagicPropsComponents\wwwroot\libs\bootstrap\js\bootstrap.bundle.min.js.map'
2024-08-01 12:00:34.539 +08:00 [INF] Request finished HTTP/2 GET https://localhost:7025/_content/MagicPropsComponents/libs/bootstrap/js/bootstrap.bundle.min.js.map - 200 325834 text/plain 53.0482ms
2024-08-01 12:00:34.540 +08:00 [INF] Sending file. Request path: '/_content/MagicPropsComponents/libs/bootstrap/js/bootstrap.bundle.min.js.map'. Physical path: 'C:\Users\jameson\source\repos\ShinetechFZ\orchard_saas_admin\OrchardCore.Cms.SaasAdmin\MagicPropsComponents\wwwroot\libs\bootstrap\js\bootstrap.bundle.min.js.map'
2024-08-01 12:00:34.549 +08:00 [INF] Request finished HTTP/2 GET https://localhost:7025/_content/MagicPropsComponents/libs/bootstrap/js/bootstrap.bundle.min.js.map - 200 325834 text/plain 62.5044ms
2024-08-01 12:00:34.601 +08:00 [INF] Sending file. Request path: '/_content/MagicPropsComponents/libs/bootstrap/css/bootstrap.min.css.map'. Physical path: 'C:\Users\jameson\source\repos\ShinetechFZ\orchard_saas_admin\OrchardCore.Cms.SaasAdmin\MagicPropsComponents\wwwroot\libs\bootstrap\css\bootstrap.min.css.map'
2024-08-01 12:00:34.606 +08:00 [INF] Sending file. Request path: '/_content/MagicPropsComponents/libs/bootstrap/css/bootstrap.min.css.map'. Physical path: 'C:\Users\jameson\source\repos\ShinetechFZ\orchard_saas_admin\OrchardCore.Cms.SaasAdmin\MagicPropsComponents\wwwroot\libs\bootstrap\css\bootstrap.min.css.map'
2024-08-01 12:00:34.607 +08:00 [INF] Sending file. Request path: '/bootstrap/bootstrap.min.css.map'. Physical path: 'C:\Users\jameson\source\repos\ShinetechFZ\orchard_saas_admin\OrchardCore.Cms.SaasAdmin\src\Blazor.Admin.Web\wwwroot\bootstrap\bootstrap.min.css.map'
2024-08-01 12:00:34.608 +08:00 [INF] Request finished HTTP/2 GET https://localhost:7025/_content/MagicPropsComponents/libs/bootstrap/css/bootstrap.min.css.map - 200 431289 text/plain 106.0156ms
2024-08-01 12:00:34.611 +08:00 [INF] Request finished HTTP/2 GET https://localhost:7025/_content/MagicPropsComponents/libs/bootstrap/css/bootstrap.min.css.map - 200 431289 text/plain 108.9445ms
2024-08-01 12:00:34.613 +08:00 [INF] Request finished HTTP/2 GET https://localhost:7025/bootstrap/bootstrap.min.css.map - 200 449111 text/plain 110.9743ms
2024-08-01 12:01:58.922 +08:00 [INF] Request starting HTTP/2 GET https://localhost:7025/Account/Login - null null
2024-08-01 12:01:58.977 +08:00 [INF] Executing endpoint '/Account/Login (/Account/Login)'
2024-08-01 12:01:58.989 +08:00 [INF] AuthenticationScheme: Identity.External signed out.
2024-08-01 12:01:59.003 +08:00 [INF] Executed endpoint '/Account/Login (/Account/Login)'
2024-08-01 12:01:59.015 +08:00 [INF] Request starting HTTP/2 GET https://localhost:7025/bootstrap/bootstrap.min.css - null null
2024-08-01 12:01:59.045 +08:00 [INF] Request finished HTTP/2 GET https://localhost:7025/Account/Login - 200 null text/html; charset=utf-8 122.1776ms
2024-08-01 12:01:59.029 +08:00 [INF] Request starting HTTP/2 GET https://localhost:7025/_content/MagicPropsComponents/libs/bootstrap/css/bootstrap.min.css - null null
2024-08-01 12:01:59.016 +08:00 [INF] Request starting HTTP/2 GET https://localhost:7025/Blazor.Admin.Web.styles.css - null null
2024-08-01 12:01:59.015 +08:00 [INF] Request starting HTTP/2 GET https://localhost:7025/app.css - null null
2024-08-01 12:01:59.069 +08:00 [INF] Request starting HTTP/2 GET https://localhost:7025/_content/MagicPropsComponents/libs/jquery/jquery.min.js - null null
2024-08-01 12:01:59.069 +08:00 [INF] Request starting HTTP/2 GET https://localhost:7025/_content/MagicPropsComponents/libs/jquery/jquery-ui.min.js - null null
2024-08-01 12:01:59.091 +08:00 [INF] Request starting HTTP/2 GET https://localhost:7025/_content/MagicPropsComponents/libs/bootstrap/js/bootstrap.bundle.min.js - null null
2024-08-01 12:01:59.094 +08:00 [INF] Request starting HTTP/2 GET https://localhost:7025/_content/MagicPropsComponents/components/popup/popup.js - null null
2024-08-01 12:01:59.035 +08:00 [INF] Request starting HTTP/2 GET https://localhost:7025/_content/MagicPropsComponents/css/font-awesome.css - null null
2024-08-01 12:01:59.044 +08:00 [INF] Request starting HTTP/2 GET https://localhost:7025/_content/MagicPropsComponents/svgs/svgcss.css - null null
2024-08-01 12:01:59.053 +08:00 [INF] Request starting HTTP/2 GET https://localhost:7025/_content/MagicPropsComponents/js/shared.js - null null
2024-08-01 12:01:59.106 +08:00 [INF] Sending file. Request path: '/app.css'. Physical path: 'C:\Users\jameson\source\repos\ShinetechFZ\orchard_saas_admin\OrchardCore.Cms.SaasAdmin\src\Blazor.Admin.Web\wwwroot\app.css'
2024-08-01 12:01:59.127 +08:00 [INF] Request finished HTTP/2 GET https://localhost:7025/app.css - 200 2591 text/css 111.3415ms
2024-08-01 12:01:59.130 +08:00 [INF] Request starting HTTP/2 GET https://localhost:7025/_content/MagicPropsComponents/components/modal/modal.js - null null
2024-08-01 12:01:59.137 +08:00 [INF] Request starting HTTP/2 GET https://localhost:7025/_content/MagicPropsComponents/components/tabctrl/tabctrl.js - null null
2024-08-01 12:01:59.143 +08:00 [INF] Sending file. Request path: '/_content/MagicPropsComponents/components/modal/modal.js'. Physical path: 'C:\Users\jameson\source\repos\ShinetechFZ\orchard_saas_admin\OrchardCore.Cms.SaasAdmin\MagicPropsComponents\wwwroot\components\modal\modal.js'
2024-08-01 12:01:59.138 +08:00 [INF] Request starting HTTP/2 GET https://localhost:7025/_content/MagicPropsComponents/components/toast/toast.js - null null
2024-08-01 12:01:59.153 +08:00 [INF] Request finished HTTP/2 GET https://localhost:7025/_content/MagicPropsComponents/components/modal/modal.js - 200 1276 text/javascript 22.8028ms
2024-08-01 12:01:59.161 +08:00 [INF] Sending file. Request path: '/_content/MagicPropsComponents/components/toast/toast.js'. Physical path: 'C:\Users\jameson\source\repos\ShinetechFZ\orchard_saas_admin\OrchardCore.Cms.SaasAdmin\MagicPropsComponents\wwwroot\components\toast\toast.js'
2024-08-01 12:01:59.156 +08:00 [INF] Sending file. Request path: '/Blazor.Admin.Web.styles.css'. Physical path: 'C:\Users\jameson\source\repos\ShinetechFZ\orchard_saas_admin\OrchardCore.Cms.SaasAdmin\src\Blazor.Admin.Web\obj\Debug\net8.0\scopedcss\bundle\Blazor.Admin.Web.styles.css'
2024-08-01 12:01:59.124 +08:00 [INF] Request starting HTTP/2 GET https://localhost:7025/_content/MagicPropsComponents/components/input/input.js - null null
2024-08-01 12:01:59.138 +08:00 [INF] Sending file. Request path: '/_content/MagicPropsComponents/svgs/svgcss.css'. Physical path: 'C:\Users\jameson\source\repos\ShinetechFZ\orchard_saas_admin\OrchardCore.Cms.SaasAdmin\MagicPropsComponents\wwwroot\svgs\svgcss.css'
2024-08-01 12:01:59.147 +08:00 [INF] Sending file. Request path: '/_content/MagicPropsComponents/js/shared.js'. Physical path: 'C:\Users\jameson\source\repos\ShinetechFZ\orchard_saas_admin\OrchardCore.Cms.SaasAdmin\MagicPropsComponents\wwwroot\js\shared.js'
2024-08-01 12:01:59.167 +08:00 [INF] Request finished HTTP/2 GET https://localhost:7025/Blazor.Admin.Web.styles.css - 200 5200 text/css 150.9632ms
2024-08-01 12:01:59.162 +08:00 [INF] Request starting HTTP/2 GET https://localhost:7025/_content/MagicPropsComponents/css/themes/default.css - null null
2024-08-01 12:01:59.185 +08:00 [INF] Request starting HTTP/2 GET https://localhost:7025/_content/MagicPropsComponents/components/draggabledroppable.js - null null
2024-08-01 12:01:59.185 +08:00 [INF] Request starting HTTP/2 GET https://localhost:7025/_content/MagicPropsComponents/components/datagrid/mpdatagrid.js - null null
2024-08-01 12:01:59.176 +08:00 [INF] Request starting HTTP/2 GET https://localhost:7025/css/theme.css - null null
2024-08-01 12:01:59.165 +08:00 [INF] Request finished HTTP/2 GET https://localhost:7025/_content/MagicPropsComponents/components/toast/toast.js - 200 3397 text/javascript 26.2638ms
2024-08-01 12:01:59.191 +08:00 [INF] Sending file. Request path: '/_content/MagicPropsComponents/components/input/input.js'. Physical path: 'C:\Users\jameson\source\repos\ShinetechFZ\orchard_saas_admin\OrchardCore.Cms.SaasAdmin\MagicPropsComponents\wwwroot\components\input\input.js'
2024-08-01 12:01:59.173 +08:00 [INF] Request finished HTTP/2 GET https://localhost:7025/_content/MagicPropsComponents/svgs/svgcss.css - 200 305 text/css 129.5525ms
2024-08-01 12:01:59.207 +08:00 [INF] Sending file. Request path: '/_content/MagicPropsComponents/components/datagrid/mpdatagrid.js'. Physical path: 'C:\Users\jameson\source\repos\ShinetechFZ\orchard_saas_admin\OrchardCore.Cms.SaasAdmin\MagicPropsComponents\wwwroot\components\datagrid\mpdatagrid.js'
2024-08-01 12:01:59.207 +08:00 [INF] Request starting HTTP/2 GET https://localhost:7025/_content/MagicPropsComponents/components/mppivottable/pivottable.js - null null
2024-08-01 12:01:59.251 +08:00 [INF] Request finished HTTP/2 GET https://localhost:7025/_content/MagicPropsComponents/components/datagrid/mpdatagrid.js - 200 469 text/javascript 64.5173ms
2024-08-01 12:01:59.289 +08:00 [INF] Request starting HTTP/2 GET https://localhost:7025/_content/Framework.WebCore/Framework.WebCore.bundle.scp.css - null null
2024-08-01 12:01:59.348 +08:00 [INF] Sending file. Request path: '/_content/MagicPropsComponents/components/mppivottable/pivottable.js'. Physical path: 'C:\Users\jameson\source\repos\ShinetechFZ\orchard_saas_admin\OrchardCore.Cms.SaasAdmin\MagicPropsComponents\wwwroot\components\mppivottable\pivottable.js'
2024-08-01 12:01:59.394 +08:00 [INF] Sending file. Request path: '/_content/MagicPropsComponents/libs/bootstrap/css/bootstrap.min.css'. Physical path: 'C:\Users\jameson\source\repos\ShinetechFZ\orchard_saas_admin\OrchardCore.Cms.SaasAdmin\MagicPropsComponents\wwwroot\libs\bootstrap\css\bootstrap.min.css'
2024-08-01 12:01:59.409 +08:00 [INF] Request finished HTTP/2 GET https://localhost:7025/_content/MagicPropsComponents/components/mppivottable/pivottable.js - 200 33959 text/javascript 202.1805ms
2024-08-01 12:01:59.415 +08:00 [INF] Request finished HTTP/2 GET https://localhost:7025/_content/MagicPropsComponents/libs/bootstrap/css/bootstrap.min.css - 200 155851 text/css 390.7267ms
2024-08-01 12:01:59.248 +08:00 [INF] Sending file. Request path: '/_content/MagicPropsComponents/components/draggabledroppable.js'. Physical path: 'C:\Users\jameson\source\repos\ShinetechFZ\orchard_saas_admin\OrchardCore.Cms.SaasAdmin\MagicPropsComponents\wwwroot\components\draggabledroppable.js'
2024-08-01 12:01:59.219 +08:00 [INF] Sending file. Request path: '/_content/MagicPropsComponents/components/popup/popup.js'. Physical path: 'C:\Users\jameson\source\repos\ShinetechFZ\orchard_saas_admin\OrchardCore.Cms.SaasAdmin\MagicPropsComponents\wwwroot\components\popup\popup.js'
2024-08-01 12:01:59.213 +08:00 [INF] Request finished HTTP/2 GET https://localhost:7025/_content/MagicPropsComponents/components/input/input.js - 200 1172 text/javascript 88.2209ms
2024-08-01 12:01:59.418 +08:00 [INF] Sending file. Request path: '/_content/MagicPropsComponents/libs/jquery/jquery-ui.min.js'. Physical path: 'C:\Users\jameson\source\repos\ShinetechFZ\orchard_saas_admin\OrchardCore.Cms.SaasAdmin\MagicPropsComponents\wwwroot\libs\jquery\jquery-ui.min.js'
2024-08-01 12:01:59.427 +08:00 [INF] Request finished HTTP/2 GET https://localhost:7025/_content/MagicPropsComponents/components/draggabledroppable.js - 200 7052 text/javascript 242.1134ms
2024-08-01 12:01:59.431 +08:00 [INF] Request finished HTTP/2 GET https://localhost:7025/_content/MagicPropsComponents/components/popup/popup.js - 200 6315 text/javascript 336.9851ms
2024-08-01 12:01:59.235 +08:00 [INF] Sending file. Request path: '/_content/MagicPropsComponents/components/tabctrl/tabctrl.js'. Physical path: 'C:\Users\jameson\source\repos\ShinetechFZ\orchard_saas_admin\OrchardCore.Cms.SaasAdmin\MagicPropsComponents\wwwroot\components\tabctrl\tabctrl.js'
2024-08-01 12:01:59.177 +08:00 [INF] Request finished HTTP/2 GET https://localhost:7025/_content/MagicPropsComponents/js/shared.js - 200 583 text/javascript 124.2368ms
2024-08-01 12:01:59.258 +08:00 [INF] Sending file. Request path: '/css/theme.css'. Physical path: 'C:\Users\jameson\source\repos\ShinetechFZ\orchard_saas_admin\OrchardCore.Cms.SaasAdmin\src\Blazor.Admin.Web\wwwroot\css\theme.css'
2024-08-01 12:01:59.270 +08:00 [INF] Sending file. Request path: '/_content/MagicPropsComponents/css/font-awesome.css'. Physical path: 'C:\Users\jameson\source\repos\ShinetechFZ\orchard_saas_admin\OrchardCore.Cms.SaasAdmin\MagicPropsComponents\wwwroot\css\font-awesome.css'
2024-08-01 12:01:59.277 +08:00 [INF] Request starting HTTP/2 GET https://localhost:7025/_content/Framework.Core.Blazor.Admin.SqlServer/Framework.Core.Blazor.Admin.SqlServer.bundle.scp.css - null null
2024-08-01 12:01:59.289 +08:00 [INF] Sending file. Request path: '/_content/MagicPropsComponents/css/themes/default.css'. Physical path: 'C:\Users\jameson\source\repos\ShinetechFZ\orchard_saas_admin\OrchardCore.Cms.SaasAdmin\MagicPropsComponents\wwwroot\css\themes\default.css'
2024-08-01 12:01:59.298 +08:00 [INF] Request starting HTTP/2 GET https://localhost:7025/_content/MagicPropsComponents/MagicPropsComponents.bundle.scp.css - null null
2024-08-01 12:01:59.332 +08:00 [INF] Sending file. Request path: '/_content/MagicPropsComponents/libs/bootstrap/js/bootstrap.bundle.min.js'. Physical path: 'C:\Users\jameson\source\repos\ShinetechFZ\orchard_saas_admin\OrchardCore.Cms.SaasAdmin\MagicPropsComponents\wwwroot\libs\bootstrap\js\bootstrap.bundle.min.js'
2024-08-01 12:01:59.415 +08:00 [INF] Sending file. Request path: '/_content/Framework.WebCore/Framework.WebCore.bundle.scp.css'. Physical path: 'C:\Users\jameson\source\repos\ShinetechFZ\orchard_saas_admin\OrchardCore.Cms.SaasAdmin\Framework.WebCore\obj\Debug\net8.0\scopedcss\projectbundle\Framework.WebCore.bundle.scp.css'
2024-08-01 12:01:59.362 +08:00 [INF] Sending file. Request path: '/_content/MagicPropsComponents/libs/jquery/jquery.min.js'. Physical path: 'C:\Users\jameson\source\repos\ShinetechFZ\orchard_saas_admin\OrchardCore.Cms.SaasAdmin\MagicPropsComponents\wwwroot\libs\jquery\jquery.min.js'
2024-08-01 12:01:59.394 +08:00 [INF] Sending file. Request path: '/bootstrap/bootstrap.min.css'. Physical path: 'C:\Users\jameson\source\repos\ShinetechFZ\orchard_saas_admin\OrchardCore.Cms.SaasAdmin\src\Blazor.Admin.Web\wwwroot\bootstrap\bootstrap.min.css'
2024-08-01 12:01:59.439 +08:00 [INF] Request finished HTTP/2 GET https://localhost:7025/_content/MagicPropsComponents/libs/jquery/jquery-ui.min.js - 200 261129 text/javascript 370.2138ms
2024-08-01 12:01:59.433 +08:00 [INF] Request starting HTTP/2 GET https://localhost:7025/_content/MagicPropsComponents/libs/bootstrap/css/bootstrap.min.css.map - null null
2024-08-01 12:01:59.457 +08:00 [INF] Request finished HTTP/2 GET https://localhost:7025/_content/MagicPropsComponents/components/tabctrl/tabctrl.js - 200 4306 text/javascript 320.1081ms
2024-08-01 12:01:59.513 +08:00 [INF] Request starting HTTP/2 GET https://localhost:7025/img/avatar/1.svg - null null
2024-08-01 12:01:59.490 +08:00 [INF] Sending file. Request path: '/_content/Framework.Core.Blazor.Admin.SqlServer/Framework.Core.Blazor.Admin.SqlServer.bundle.scp.css'. Physical path: 'C:\Users\jameson\source\repos\ShinetechFZ\orchard_saas_admin\OrchardCore.Cms.SaasAdmin\Framework.Core.Blazor.Identity.SqlServer\obj\Debug\net8.0\scopedcss\projectbundle\Framework.Core.Blazor.Admin.SqlServer.bundle.scp.css'
2024-08-01 12:01:59.519 +08:00 [INF] Sending file. Request path: '/_content/MagicPropsComponents/MagicPropsComponents.bundle.scp.css'. Physical path: 'C:\Users\jameson\source\repos\ShinetechFZ\orchard_saas_admin\OrchardCore.Cms.SaasAdmin\MagicPropsComponents\obj\Debug\net8.0\scopedcss\projectbundle\MagicPropsComponents.bundle.scp.css'
2024-08-01 12:01:59.466 +08:00 [INF] Request finished HTTP/2 GET https://localhost:7025/css/theme.css - 200 9136 text/css 290.7615ms
2024-08-01 12:01:59.469 +08:00 [INF] Request finished HTTP/2 GET https://localhost:7025/_content/MagicPropsComponents/css/font-awesome.css - 200 39751 text/css 435.3713ms
2024-08-01 12:01:59.530 +08:00 [INF] Request finished HTTP/2 GET https://localhost:7025/_content/MagicPropsComponents/MagicPropsComponents.bundle.scp.css - 200 10045 text/css 232.3184ms
2024-08-01 12:01:59.530 +08:00 [INF] Request finished HTTP/2 GET https://localhost:7025/_content/Framework.Core.Blazor.Admin.SqlServer/Framework.Core.Blazor.Admin.SqlServer.bundle.scp.css - 200 230 text/css 252.8442ms
2024-08-01 12:01:59.477 +08:00 [INF] Request finished HTTP/2 GET https://localhost:7025/_content/MagicPropsComponents/css/themes/default.css - 200 23202 text/css 315.3877ms
2024-08-01 12:01:59.553 +08:00 [INF] Sending file. Request path: '/img/avatar/1.svg'. Physical path: 'C:\Users\jameson\source\repos\ShinetechFZ\orchard_saas_admin\OrchardCore.Cms.SaasAdmin\src\Blazor.Admin.Web\wwwroot\img\avatar\1.svg'
2024-08-01 12:01:59.556 +08:00 [INF] Request starting HTTP/2 GET https://localhost:7025/bootstrap/bootstrap.min.css.map - null null
2024-08-01 12:01:59.563 +08:00 [INF] Request finished HTTP/2 GET https://localhost:7025/img/avatar/1.svg - 200 4444 image/svg+xml 50.2005ms
2024-08-01 12:01:59.513 +08:00 [INF] Request starting HTTP/2 GET https://localhost:7025/img/icons/home.svg - null null
2024-08-01 12:01:59.597 +08:00 [INF] Sending file. Request path: '/_content/MagicPropsComponents/libs/bootstrap/css/bootstrap.min.css.map'. Physical path: 'C:\Users\jameson\source\repos\ShinetechFZ\orchard_saas_admin\OrchardCore.Cms.SaasAdmin\MagicPropsComponents\wwwroot\libs\bootstrap\css\bootstrap.min.css.map'
2024-08-01 12:01:59.483 +08:00 [INF] Request finished HTTP/2 GET https://localhost:7025/_content/MagicPropsComponents/libs/bootstrap/js/bootstrap.bundle.min.js - 200 78749 text/javascript 392.5554ms
2024-08-01 12:01:59.611 +08:00 [INF] Request finished HTTP/2 GET https://localhost:7025/_content/MagicPropsComponents/libs/bootstrap/css/bootstrap.min.css.map - 200 431289 text/plain 178.8245ms
2024-08-01 12:01:59.613 +08:00 [INF] Sending file. Request path: '/bootstrap/bootstrap.min.css.map'. Physical path: 'C:\Users\jameson\source\repos\ShinetechFZ\orchard_saas_admin\OrchardCore.Cms.SaasAdmin\src\Blazor.Admin.Web\wwwroot\bootstrap\bootstrap.min.css.map'
2024-08-01 12:01:59.485 +08:00 [INF] Request finished HTTP/2 GET https://localhost:7025/_content/Framework.WebCore/Framework.WebCore.bundle.scp.css - 200 1134 text/css 195.9403ms
2024-08-01 12:01:59.618 +08:00 [INF] Sending file. Request path: '/img/icons/home.svg'. Physical path: 'C:\Users\jameson\source\repos\ShinetechFZ\orchard_saas_admin\OrchardCore.Cms.SaasAdmin\src\Blazor.Admin.Web\wwwroot\img\icons\home.svg'
2024-08-01 12:01:59.623 +08:00 [INF] Request finished HTTP/2 GET https://localhost:7025/bootstrap/bootstrap.min.css.map - 200 449111 text/plain 67.5824ms
2024-08-01 12:01:59.487 +08:00 [INF] Request finished HTTP/2 GET https://localhost:7025/_content/MagicPropsComponents/libs/jquery/jquery.min.js - 200 89478 text/javascript 418.8132ms
2024-08-01 12:01:59.490 +08:00 [INF] Request finished HTTP/2 GET https://localhost:7025/bootstrap/bootstrap.min.css - 200 162726 text/css 475.2747ms
2024-08-01 12:01:59.658 +08:00 [INF] Request starting HTTP/2 GET https://localhost:7025/_framework/blazor.web.js - null null
2024-08-01 12:01:59.659 +08:00 [INF] Request starting HTTP/2 GET https://localhost:7025/js/shared.js - null null
2024-08-01 12:01:59.659 +08:00 [INF] Request starting HTTP/2 GET https://localhost:7025/_framework/aspnetcore-browser-refresh.js - null null
2024-08-01 12:01:59.674 +08:00 [INF] Request starting HTTP/2 GET https://localhost:7025/_vs/browserLink - null null
2024-08-01 12:01:59.675 +08:00 [INF] Request finished HTTP/2 GET https://localhost:7025/img/icons/home.svg - 200 418 image/svg+xml 162.102ms
2024-08-01 12:01:59.674 +08:00 [INF] Request starting HTTP/2 GET https://localhost:7025/_content/MagicPropsComponents/libs/bootstrap/js/bootstrap.bundle.min.js.map - null null
2024-08-01 12:01:59.674 +08:00 [INF] Request starting HTTP/2 GET https://localhost:7025/_content/MagicPropsComponents/libs/bootstrap/js/bootstrap.bundle.min.js.map - null null
2024-08-01 12:01:59.674 +08:00 [INF] Request starting HTTP/2 GET https://localhost:7025/_content/MagicPropsComponents/libs/bootstrap/css/bootstrap.min.css.map - null null
2024-08-01 12:01:59.714 +08:00 [INF] Request finished HTTP/2 GET https://localhost:7025/_framework/aspnetcore-browser-refresh.js - 200 13768 application/javascript; charset=utf-8 53.9848ms
2024-08-01 12:01:59.733 +08:00 [INF] Request finished HTTP/2 GET https://localhost:7025/_vs/browserLink - 200 null text/javascript; charset=UTF-8 59.9542ms
2024-08-01 12:01:59.743 +08:00 [INF] Sending file. Request path: '/js/shared.js'. Physical path: 'C:\Users\jameson\source\repos\ShinetechFZ\orchard_saas_admin\OrchardCore.Cms.SaasAdmin\src\Blazor.Admin.Web\wwwroot\js\shared.js'
2024-08-01 12:01:59.705 +08:00 [INF] Executing endpoint 'Blazor web static files'
2024-08-01 12:01:59.751 +08:00 [INF] Request finished HTTP/2 GET https://localhost:7025/js/shared.js - 200 682 text/javascript 92.1451ms
2024-08-01 12:01:59.752 +08:00 [INF] Sending file. Request path: '/_content/MagicPropsComponents/libs/bootstrap/js/bootstrap.bundle.min.js.map'. Physical path: 'C:\Users\jameson\source\repos\ShinetechFZ\orchard_saas_admin\OrchardCore.Cms.SaasAdmin\MagicPropsComponents\wwwroot\libs\bootstrap\js\bootstrap.bundle.min.js.map'
2024-08-01 12:01:59.764 +08:00 [INF] Request finished HTTP/2 GET https://localhost:7025/_content/MagicPropsComponents/libs/bootstrap/js/bootstrap.bundle.min.js.map - 200 325834 text/plain 90.3555ms
2024-08-01 12:01:59.771 +08:00 [INF] Sending file. Request path: '/_framework/blazor.web.js'. Physical path: 'N/A'
2024-08-01 12:01:59.773 +08:00 [INF] Sending file. Request path: '/_content/MagicPropsComponents/libs/bootstrap/css/bootstrap.min.css.map'. Physical path: 'C:\Users\jameson\source\repos\ShinetechFZ\orchard_saas_admin\OrchardCore.Cms.SaasAdmin\MagicPropsComponents\wwwroot\libs\bootstrap\css\bootstrap.min.css.map'
2024-08-01 12:01:59.776 +08:00 [INF] Sending file. Request path: '/_content/MagicPropsComponents/libs/bootstrap/js/bootstrap.bundle.min.js.map'. Physical path: 'C:\Users\jameson\source\repos\ShinetechFZ\orchard_saas_admin\OrchardCore.Cms.SaasAdmin\MagicPropsComponents\wwwroot\libs\bootstrap\js\bootstrap.bundle.min.js.map'
2024-08-01 12:01:59.776 +08:00 [INF] Executed endpoint 'Blazor web static files'
2024-08-01 12:01:59.787 +08:00 [INF] Request finished HTTP/2 GET https://localhost:7025/_content/MagicPropsComponents/libs/bootstrap/css/bootstrap.min.css.map - 200 431289 text/plain 112.8584ms
2024-08-01 12:01:59.788 +08:00 [INF] Request finished HTTP/2 GET https://localhost:7025/_content/MagicPropsComponents/libs/bootstrap/js/bootstrap.bundle.min.js.map - 200 325834 text/plain 114.3168ms
2024-08-01 12:01:59.791 +08:00 [INF] Request finished HTTP/2 GET https://localhost:7025/_framework/blazor.web.js - 200 187402 text/javascript 132.3787ms
2024-08-01 12:01:59.827 +08:00 [INF] Request starting HTTP/2 GET https://localhost:7025/favicon.png - null null
2024-08-01 12:01:59.857 +08:00 [INF] Sending file. Request path: '/favicon.png'. Physical path: 'C:\Users\jameson\source\repos\ShinetechFZ\orchard_saas_admin\OrchardCore.Cms.SaasAdmin\src\Blazor.Admin.Web\wwwroot\favicon.png'
2024-08-01 12:01:59.863 +08:00 [INF] Request finished HTTP/2 GET https://localhost:7025/favicon.png - 200 1148 image/png 35.9592ms
2024-08-01 12:02:05.782 +08:00 [INF] Request starting HTTP/2 POST https://localhost:7025/Account/Login - application/x-www-form-urlencoded 241
2024-08-01 12:02:05.822 +08:00 [INF] Executing endpoint '/Account/Login (/Account/Login)'
2024-08-01 12:02:06.144 +08:00 [INF] AuthenticationScheme: Identity.Application signed in.
2024-08-01 12:02:06.147 +08:00 [INF] User logged in.----admin
2024-08-01 12:02:06.191 +08:00 [INF] Executed endpoint '/Account/Login (/Account/Login)'
2024-08-01 12:02:06.196 +08:00 [INF] Request starting HTTP/2 GET https://localhost:7025/dashboard - null null
2024-08-01 12:02:06.196 +08:00 [INF] Request finished HTTP/2 POST https://localhost:7025/Account/Login - 302 null text/html; charset=utf-8 414.9608ms
2024-08-01 12:02:06.228 +08:00 [INF] Executing endpoint '/dashboard (/dashboard)'
2024-08-01 12:02:06.238 +08:00 [INF] Executed endpoint '/dashboard (/dashboard)'
2024-08-01 12:02:06.240 +08:00 [INF] Request finished HTTP/2 GET https://localhost:7025/dashboard - 200 null text/html; charset=utf-8 44.7117ms
2024-08-01 12:02:06.248 +08:00 [INF] Request starting HTTP/2 GET https://localhost:7025/bootstrap/bootstrap.min.css - null null
2024-08-01 12:02:06.264 +08:00 [INF] Request starting HTTP/2 GET https://localhost:7025/css/theme.css - null null
2024-08-01 12:02:06.264 +08:00 [INF] Request starting HTTP/2 GET https://localhost:7025/_content/MagicPropsComponents/css/themes/default.css - null null
2024-08-01 12:02:06.264 +08:00 [INF] Request starting HTTP/2 GET https://localhost:7025/_content/MagicPropsComponents/components/tabctrl/tabctrl.js - null null
2024-08-01 12:02:06.264 +08:00 [INF] Request starting HTTP/2 GET https://localhost:7025/_content/MagicPropsComponents/components/mppivottable/pivottable.js - null null
2024-08-01 12:02:06.262 +08:00 [INF] Request starting HTTP/2 GET https://localhost:7025/app.css - null null
2024-08-01 12:02:06.264 +08:00 [INF] Request starting HTTP/2 GET https://localhost:7025/_content/MagicPropsComponents/components/toast/toast.js - null null
2024-08-01 12:02:06.264 +08:00 [INF] Request starting HTTP/2 GET https://localhost:7025/_framework/blazor.web.js - null null
2024-08-01 12:02:06.263 +08:00 [INF] Request starting HTTP/2 GET https://localhost:7025/_content/MagicPropsComponents/libs/bootstrap/js/bootstrap.bundle.min.js - null null
2024-08-01 12:02:06.264 +08:00 [INF] Request starting HTTP/2 GET https://localhost:7025/_content/MagicPropsComponents/libs/jquery/jquery.min.js - null null
2024-08-01 12:02:06.394 +08:00 [INF] Executing endpoint 'Blazor web static files'
2024-08-01 12:02:06.263 +08:00 [INF] Request starting HTTP/2 GET https://localhost:7025/Blazor.Admin.Web.styles.css - null null
2024-08-01 12:02:06.263 +08:00 [INF] Request starting HTTP/2 GET https://localhost:7025/_content/MagicPropsComponents/libs/bootstrap/css/bootstrap.min.css - null null
2024-08-01 12:02:06.264 +08:00 [INF] Request starting HTTP/2 GET https://localhost:7025/_content/MagicPropsComponents/libs/jquery/jquery-ui.min.js - null null
2024-08-01 12:02:06.264 +08:00 [INF] Request starting HTTP/2 GET https://localhost:7025/_content/MagicPropsComponents/components/popup/popup.js - null null
2024-08-01 12:02:06.263 +08:00 [INF] Request starting HTTP/2 GET https://localhost:7025/_content/MagicPropsComponents/css/font-awesome.css - null null
2024-08-01 12:02:06.263 +08:00 [INF] Request starting HTTP/2 GET https://localhost:7025/_content/MagicPropsComponents/svgs/svgcss.css - null null
2024-08-01 12:02:06.264 +08:00 [INF] Request starting HTTP/2 GET https://localhost:7025/_content/MagicPropsComponents/components/datagrid/mpdatagrid.js - null null
2024-08-01 12:02:06.264 +08:00 [INF] Request starting HTTP/2 GET https://localhost:7025/_content/MagicPropsComponents/components/draggabledroppable.js - null null
2024-08-01 12:02:06.264 +08:00 [INF] Request starting HTTP/2 GET https://localhost:7025/_content/MagicPropsComponents/components/modal/modal.js - null null
2024-08-01 12:02:06.263 +08:00 [INF] Request starting HTTP/2 GET https://localhost:7025/_content/MagicPropsComponents/js/shared.js - null null
2024-08-01 12:02:06.264 +08:00 [INF] Request starting HTTP/2 GET https://localhost:7025/_content/MagicPropsComponents/components/input/input.js - null null
2024-08-01 12:02:06.481 +08:00 [INF] Sending file. Request path: '/app.css'. Physical path: 'C:\Users\jameson\source\repos\ShinetechFZ\orchard_saas_admin\OrchardCore.Cms.SaasAdmin\src\Blazor.Admin.Web\wwwroot\app.css'
2024-08-01 12:02:06.490 +08:00 [INF] Sending file. Request path: '/_content/MagicPropsComponents/components/toast/toast.js'. Physical path: 'C:\Users\jameson\source\repos\ShinetechFZ\orchard_saas_admin\OrchardCore.Cms.SaasAdmin\MagicPropsComponents\wwwroot\components\toast\toast.js'
2024-08-01 12:02:06.495 +08:00 [INF] Request finished HTTP/2 GET https://localhost:7025/app.css - 200 2591 text/css 232.6854ms
2024-08-01 12:02:06.499 +08:00 [INF] Request finished HTTP/2 GET https://localhost:7025/_content/MagicPropsComponents/components/toast/toast.js - 200 3397 text/javascript 235.7138ms
2024-08-01 12:02:06.275 +08:00 [INF] Request starting HTTP/2 GET https://localhost:7025/js/shared.js - null null
2024-08-01 12:02:06.509 +08:00 [INF] Sending file. Request path: '/_content/MagicPropsComponents/components/datagrid/mpdatagrid.js'. Physical path: 'C:\Users\jameson\source\repos\ShinetechFZ\orchard_saas_admin\OrchardCore.Cms.SaasAdmin\MagicPropsComponents\wwwroot\components\datagrid\mpdatagrid.js'
2024-08-01 12:02:06.514 +08:00 [INF] Sending file. Request path: '/_content/MagicPropsComponents/components/modal/modal.js'. Physical path: 'C:\Users\jameson\source\repos\ShinetechFZ\orchard_saas_admin\OrchardCore.Cms.SaasAdmin\MagicPropsComponents\wwwroot\components\modal\modal.js'
2024-08-01 12:02:06.522 +08:00 [INF] Request finished HTTP/2 GET https://localhost:7025/_content/MagicPropsComponents/components/datagrid/mpdatagrid.js - 200 469 text/javascript 258.207ms
2024-08-01 12:02:06.526 +08:00 [INF] Request finished HTTP/2 GET https://localhost:7025/_content/MagicPropsComponents/components/modal/modal.js - 200 1276 text/javascript 262.2816ms
2024-08-01 12:02:06.508 +08:00 [INF] Sending file. Request path: '/_content/MagicPropsComponents/svgs/svgcss.css'. Physical path: 'C:\Users\jameson\source\repos\ShinetechFZ\orchard_saas_admin\OrchardCore.Cms.SaasAdmin\MagicPropsComponents\wwwroot\svgs\svgcss.css'
2024-08-01 12:02:06.289 +08:00 [INF] Request starting HTTP/2 GET https://localhost:7025/_framework/aspnetcore-browser-refresh.js - null null
2024-08-01 12:02:06.360 +08:00 [INF] Sending file. Request path: '/css/theme.css'. Physical path: 'C:\Users\jameson\source\repos\ShinetechFZ\orchard_saas_admin\OrchardCore.Cms.SaasAdmin\src\Blazor.Admin.Web\wwwroot\css\theme.css'
2024-08-01 12:02:06.533 +08:00 [INF] Sending file. Request path: '/_content/MagicPropsComponents/components/input/input.js'. Physical path: 'C:\Users\jameson\source\repos\ShinetechFZ\orchard_saas_admin\OrchardCore.Cms.SaasAdmin\MagicPropsComponents\wwwroot\components\input\input.js'
2024-08-01 12:02:06.540 +08:00 [INF] Sending file. Request path: '/js/shared.js'. Physical path: 'C:\Users\jameson\source\repos\ShinetechFZ\orchard_saas_admin\OrchardCore.Cms.SaasAdmin\src\Blazor.Admin.Web\wwwroot\js\shared.js'
2024-08-01 12:02:06.543 +08:00 [INF] Request finished HTTP/2 GET https://localhost:7025/_content/MagicPropsComponents/svgs/svgcss.css - 200 305 text/css 279.5401ms
2024-08-01 12:02:06.527 +08:00 [INF] Sending file. Request path: '/_content/MagicPropsComponents/js/shared.js'. Physical path: 'C:\Users\jameson\source\repos\ShinetechFZ\orchard_saas_admin\OrchardCore.Cms.SaasAdmin\MagicPropsComponents\wwwroot\js\shared.js'
2024-08-01 12:02:06.556 +08:00 [INF] Request finished HTTP/2 GET https://localhost:7025/_content/MagicPropsComponents/components/input/input.js - 200 1172 text/javascript 292.7169ms
2024-08-01 12:02:06.560 +08:00 [INF] Request finished HTTP/2 GET https://localhost:7025/js/shared.js - 200 682 text/javascript 285.5154ms
2024-08-01 12:02:06.573 +08:00 [INF] Sending file. Request path: '/Blazor.Admin.Web.styles.css'. Physical path: 'C:\Users\jameson\source\repos\ShinetechFZ\orchard_saas_admin\OrchardCore.Cms.SaasAdmin\src\Blazor.Admin.Web\obj\Debug\net8.0\scopedcss\bundle\Blazor.Admin.Web.styles.css'
2024-08-01 12:02:06.575 +08:00 [INF] Request finished HTTP/2 GET https://localhost:7025/_content/MagicPropsComponents/js/shared.js - 200 583 text/javascript 311.9409ms
2024-08-01 12:02:06.550 +08:00 [INF] Sending file. Request path: '/_content/MagicPropsComponents/components/tabctrl/tabctrl.js'. Physical path: 'C:\Users\jameson\source\repos\ShinetechFZ\orchard_saas_admin\OrchardCore.Cms.SaasAdmin\MagicPropsComponents\wwwroot\components\tabctrl\tabctrl.js'
2024-08-01 12:02:06.585 +08:00 [INF] Sending file. Request path: '/_content/MagicPropsComponents/components/popup/popup.js'. Physical path: 'C:\Users\jameson\source\repos\ShinetechFZ\orchard_saas_admin\OrchardCore.Cms.SaasAdmin\MagicPropsComponents\wwwroot\components\popup\popup.js'
2024-08-01 12:02:06.589 +08:00 [INF] Sending file. Request path: '/_content/MagicPropsComponents/components/draggabledroppable.js'. Physical path: 'C:\Users\jameson\source\repos\ShinetechFZ\orchard_saas_admin\OrchardCore.Cms.SaasAdmin\MagicPropsComponents\wwwroot\components\draggabledroppable.js'
2024-08-01 12:02:06.591 +08:00 [INF] Request finished HTTP/2 GET https://localhost:7025/Blazor.Admin.Web.styles.css - 200 5200 text/css 328.2911ms
2024-08-01 12:02:06.552 +08:00 [INF] Request finished HTTP/2 GET https://localhost:7025/css/theme.css - 200 9136 text/css 288.4655ms
2024-08-01 12:02:06.606 +08:00 [INF] Request finished HTTP/2 GET https://localhost:7025/_content/MagicPropsComponents/components/popup/popup.js - 200 6315 text/javascript 342.2477ms
2024-08-01 12:02:06.608 +08:00 [INF] Request finished HTTP/2 GET https://localhost:7025/_content/MagicPropsComponents/components/draggabledroppable.js - 200 7052 text/javascript 344.5117ms
2024-08-01 12:02:06.633 +08:00 [INF] Sending file. Request path: '/_framework/blazor.web.js'. Physical path: 'N/A'
2024-08-01 12:02:06.620 +08:00 [INF] Sending file. Request path: '/_content/MagicPropsComponents/components/mppivottable/pivottable.js'. Physical path: 'C:\Users\jameson\source\repos\ShinetechFZ\orchard_saas_admin\OrchardCore.Cms.SaasAdmin\MagicPropsComponents\wwwroot\components\mppivottable\pivottable.js'
2024-08-01 12:02:06.602 +08:00 [INF] Request finished HTTP/2 GET https://localhost:7025/_framework/aspnetcore-browser-refresh.js - 200 13768 application/javascript; charset=utf-8 312.6995ms
2024-08-01 12:02:06.602 +08:00 [INF] Request finished HTTP/2 GET https://localhost:7025/_content/MagicPropsComponents/components/tabctrl/tabctrl.js - 200 4306 text/javascript 338.5689ms
2024-08-01 12:02:06.643 +08:00 [INF] Sending file. Request path: '/_content/MagicPropsComponents/css/font-awesome.css'. Physical path: 'C:\Users\jameson\source\repos\ShinetechFZ\orchard_saas_admin\OrchardCore.Cms.SaasAdmin\MagicPropsComponents\wwwroot\css\font-awesome.css'
2024-08-01 12:02:06.356 +08:00 [INF] Sending file. Request path: '/bootstrap/bootstrap.min.css'. Physical path: 'C:\Users\jameson\source\repos\ShinetechFZ\orchard_saas_admin\OrchardCore.Cms.SaasAdmin\src\Blazor.Admin.Web\wwwroot\bootstrap\bootstrap.min.css'
2024-08-01 12:02:06.363 +08:00 [INF] Sending file. Request path: '/_content/MagicPropsComponents/css/themes/default.css'. Physical path: 'C:\Users\jameson\source\repos\ShinetechFZ\orchard_saas_admin\OrchardCore.Cms.SaasAdmin\MagicPropsComponents\wwwroot\css\themes\default.css'
2024-08-01 12:02:06.644 +08:00 [INF] Request starting HTTP/2 GET https://localhost:7025/_content/Framework.Core.Blazor.Admin.SqlServer/Framework.Core.Blazor.Admin.SqlServer.bundle.scp.css - null null
2024-08-01 12:02:06.646 +08:00 [INF] Executed endpoint 'Blazor web static files'
2024-08-01 12:02:06.648 +08:00 [INF] Request finished HTTP/2 GET https://localhost:7025/_content/MagicPropsComponents/components/mppivottable/pivottable.js - 200 33959 text/javascript 384.0266ms
2024-08-01 12:02:06.671 +08:00 [INF] Request finished HTTP/2 GET https://localhost:7025/_framework/blazor.web.js - 200 187402 text/javascript 407.563ms
2024-08-01 12:02:06.676 +08:00 [INF] Sending file. Request path: '/_content/Framework.Core.Blazor.Admin.SqlServer/Framework.Core.Blazor.Admin.SqlServer.bundle.scp.css'. Physical path: 'C:\Users\jameson\source\repos\ShinetechFZ\orchard_saas_admin\OrchardCore.Cms.SaasAdmin\Framework.Core.Blazor.Identity.SqlServer\obj\Debug\net8.0\scopedcss\projectbundle\Framework.Core.Blazor.Admin.SqlServer.bundle.scp.css'
2024-08-01 12:02:06.680 +08:00 [INF] Sending file. Request path: '/_content/MagicPropsComponents/libs/bootstrap/js/bootstrap.bundle.min.js'. Physical path: 'C:\Users\jameson\source\repos\ShinetechFZ\orchard_saas_admin\OrchardCore.Cms.SaasAdmin\MagicPropsComponents\wwwroot\libs\bootstrap\js\bootstrap.bundle.min.js'
2024-08-01 12:02:06.652 +08:00 [INF] Request starting HTTP/2 GET https://localhost:7025/_content/Framework.WebCore/Framework.WebCore.bundle.scp.css - null null
2024-08-01 12:02:06.657 +08:00 [INF] Request starting HTTP/2 GET https://localhost:7025/_content/MagicPropsComponents/MagicPropsComponents.bundle.scp.css - null null
2024-08-01 12:02:06.690 +08:00 [INF] Sending file. Request path: '/_content/MagicPropsComponents/libs/jquery/jquery.min.js'. Physical path: 'C:\Users\jameson\source\repos\ShinetechFZ\orchard_saas_admin\OrchardCore.Cms.SaasAdmin\MagicPropsComponents\wwwroot\libs\jquery\jquery.min.js'
2024-08-01 12:02:06.697 +08:00 [INF] Request finished HTTP/2 GET https://localhost:7025/_content/Framework.Core.Blazor.Admin.SqlServer/Framework.Core.Blazor.Admin.SqlServer.bundle.scp.css - 200 230 text/css 53.7535ms
2024-08-01 12:02:06.714 +08:00 [INF] Request finished HTTP/2 GET https://localhost:7025/_content/MagicPropsComponents/libs/jquery/jquery.min.js - 200 89478 text/javascript 450.6071ms
2024-08-01 12:02:06.699 +08:00 [INF] Request finished HTTP/2 GET https://localhost:7025/_content/MagicPropsComponents/libs/bootstrap/js/bootstrap.bundle.min.js - 200 78749 text/javascript 435.6012ms
2024-08-01 12:02:06.726 +08:00 [INF] Sending file. Request path: '/_content/MagicPropsComponents/libs/bootstrap/css/bootstrap.min.css'. Physical path: 'C:\Users\jameson\source\repos\ShinetechFZ\orchard_saas_admin\OrchardCore.Cms.SaasAdmin\MagicPropsComponents\wwwroot\libs\bootstrap\css\bootstrap.min.css'
2024-08-01 12:02:06.709 +08:00 [INF] Sending file. Request path: '/_content/Framework.WebCore/Framework.WebCore.bundle.scp.css'. Physical path: 'C:\Users\jameson\source\repos\ShinetechFZ\orchard_saas_admin\OrchardCore.Cms.SaasAdmin\Framework.WebCore\obj\Debug\net8.0\scopedcss\projectbundle\Framework.WebCore.bundle.scp.css'
2024-08-01 12:02:06.723 +08:00 [INF] Sending file. Request path: '/_content/MagicPropsComponents/MagicPropsComponents.bundle.scp.css'. Physical path: 'C:\Users\jameson\source\repos\ShinetechFZ\orchard_saas_admin\OrchardCore.Cms.SaasAdmin\MagicPropsComponents\obj\Debug\net8.0\scopedcss\projectbundle\MagicPropsComponents.bundle.scp.css'
2024-08-01 12:02:06.659 +08:00 [INF] Request finished HTTP/2 GET https://localhost:7025/_content/MagicPropsComponents/css/font-awesome.css - 200 39751 text/css 396.2966ms
2024-08-01 12:02:06.738 +08:00 [INF] Sending file. Request path: '/_content/MagicPropsComponents/libs/jquery/jquery-ui.min.js'. Physical path: 'C:\Users\jameson\source\repos\ShinetechFZ\orchard_saas_admin\OrchardCore.Cms.SaasAdmin\MagicPropsComponents\wwwroot\libs\jquery\jquery-ui.min.js'
2024-08-01 12:02:06.741 +08:00 [INF] Request finished HTTP/2 GET https://localhost:7025/_content/MagicPropsComponents/libs/bootstrap/css/bootstrap.min.css - 200 155851 text/css 477.9564ms
2024-08-01 12:02:06.742 +08:00 [INF] Request finished HTTP/2 GET https://localhost:7025/_content/Framework.WebCore/Framework.WebCore.bundle.scp.css - 200 1134 text/css 90.0111ms
2024-08-01 12:02:06.744 +08:00 [INF] Request finished HTTP/2 GET https://localhost:7025/_content/MagicPropsComponents/MagicPropsComponents.bundle.scp.css - 200 10045 text/css 87.5528ms
2024-08-01 12:02:06.661 +08:00 [INF] Request finished HTTP/2 GET https://localhost:7025/bootstrap/bootstrap.min.css - 200 162726 text/css 414.0776ms
2024-08-01 12:02:06.665 +08:00 [INF] Request finished HTTP/2 GET https://localhost:7025/_content/MagicPropsComponents/css/themes/default.css - 200 23202 text/css 401.0011ms
2024-08-01 12:02:06.747 +08:00 [INF] Request starting HTTP/2 GET https://localhost:7025/_vs/browserLink - null null
2024-08-01 12:02:06.751 +08:00 [INF] Request finished HTTP/2 GET https://localhost:7025/_content/MagicPropsComponents/libs/jquery/jquery-ui.min.js - 200 261129 text/javascript 488.3368ms
2024-08-01 12:02:06.794 +08:00 [INF] Request starting HTTP/2 GET https://localhost:7025/_content/MagicPropsComponents/libs/bootstrap/css/bootstrap.min.css.map - null null
2024-08-01 12:02:06.794 +08:00 [INF] Request starting HTTP/2 GET https://localhost:7025/bootstrap/bootstrap.min.css.map - null null
2024-08-01 12:02:06.803 +08:00 [INF] Request finished HTTP/2 GET https://localhost:7025/_vs/browserLink - 200 null text/javascript; charset=UTF-8 55.2638ms
2024-08-01 12:02:06.863 +08:00 [INF] Request starting HTTP/2 GET https://localhost:7025/_content/MagicPropsComponents/libs/bootstrap/js/bootstrap.bundle.min.js.map - null null
2024-08-01 12:02:06.863 +08:00 [INF] Request starting HTTP/2 GET https://localhost:7025/_content/MagicPropsComponents/libs/bootstrap/css/bootstrap.min.css.map - null null
2024-08-01 12:02:06.865 +08:00 [INF] Sending file. Request path: '/_content/MagicPropsComponents/libs/bootstrap/css/bootstrap.min.css.map'. Physical path: 'C:\Users\jameson\source\repos\ShinetechFZ\orchard_saas_admin\OrchardCore.Cms.SaasAdmin\MagicPropsComponents\wwwroot\libs\bootstrap\css\bootstrap.min.css.map'
2024-08-01 12:02:06.873 +08:00 [INF] Sending file. Request path: '/bootstrap/bootstrap.min.css.map'. Physical path: 'C:\Users\jameson\source\repos\ShinetechFZ\orchard_saas_admin\OrchardCore.Cms.SaasAdmin\src\Blazor.Admin.Web\wwwroot\bootstrap\bootstrap.min.css.map'
2024-08-01 12:02:06.882 +08:00 [INF] Request finished HTTP/2 GET https://localhost:7025/_content/MagicPropsComponents/libs/bootstrap/css/bootstrap.min.css.map - 200 431289 text/plain 87.6106ms
2024-08-01 12:02:06.885 +08:00 [INF] Request finished HTTP/2 GET https://localhost:7025/bootstrap/bootstrap.min.css.map - 200 449111 text/plain 91.281ms
2024-08-01 12:02:06.915 +08:00 [INF] Sending file. Request path: '/_content/MagicPropsComponents/libs/bootstrap/js/bootstrap.bundle.min.js.map'. Physical path: 'C:\Users\jameson\source\repos\ShinetechFZ\orchard_saas_admin\OrchardCore.Cms.SaasAdmin\MagicPropsComponents\wwwroot\libs\bootstrap\js\bootstrap.bundle.min.js.map'
2024-08-01 12:02:06.863 +08:00 [INF] Request starting HTTP/2 GET https://localhost:7025/_content/MagicPropsComponents/libs/bootstrap/js/bootstrap.bundle.min.js.map - null null
2024-08-01 12:02:06.923 +08:00 [INF] Request finished HTTP/2 GET https://localhost:7025/_content/MagicPropsComponents/libs/bootstrap/js/bootstrap.bundle.min.js.map - 200 325834 text/plain 60.4349ms
2024-08-01 12:02:06.965 +08:00 [INF] Sending file. Request path: '/_content/MagicPropsComponents/libs/bootstrap/css/bootstrap.min.css.map'. Physical path: 'C:\Users\jameson\source\repos\ShinetechFZ\orchard_saas_admin\OrchardCore.Cms.SaasAdmin\MagicPropsComponents\wwwroot\libs\bootstrap\css\bootstrap.min.css.map'
2024-08-01 12:02:06.955 +08:00 [INF] Request starting HTTP/2 GET https://localhost:7025/_blazor/initializers - null null
2024-08-01 12:02:06.970 +08:00 [INF] Sending file. Request path: '/_content/MagicPropsComponents/libs/bootstrap/js/bootstrap.bundle.min.js.map'. Physical path: 'C:\Users\jameson\source\repos\ShinetechFZ\orchard_saas_admin\OrchardCore.Cms.SaasAdmin\MagicPropsComponents\wwwroot\libs\bootstrap\js\bootstrap.bundle.min.js.map'
2024-08-01 12:02:06.973 +08:00 [INF] Request finished HTTP/2 GET https://localhost:7025/_content/MagicPropsComponents/libs/bootstrap/css/bootstrap.min.css.map - 200 431289 text/plain 110.4446ms
2024-08-01 12:02:06.978 +08:00 [INF] Executing endpoint 'Microsoft.AspNetCore.Routing.RouteEndpoint'
2024-08-01 12:02:06.982 +08:00 [INF] Executed endpoint 'Microsoft.AspNetCore.Routing.RouteEndpoint'
2024-08-01 12:02:06.979 +08:00 [INF] Request finished HTTP/2 GET https://localhost:7025/_content/MagicPropsComponents/libs/bootstrap/js/bootstrap.bundle.min.js.map - 200 325834 text/plain 116.671ms
2024-08-01 12:02:06.983 +08:00 [INF] Request finished HTTP/2 GET https://localhost:7025/_blazor/initializers - 200 null application/json; charset=utf-8 28.3343ms
2024-08-01 12:02:06.998 +08:00 [INF] Request starting HTTP/2 POST https://localhost:7025/_blazor/negotiate?negotiateVersion=1 - null 0
2024-08-01 12:02:07.010 +08:00 [INF] Executing endpoint 'Microsoft.AspNetCore.Routing.RouteEndpoint'
2024-08-01 12:02:07.012 +08:00 [INF] Executed endpoint 'Microsoft.AspNetCore.Routing.RouteEndpoint'
2024-08-01 12:02:07.014 +08:00 [INF] Request finished HTTP/2 POST https://localhost:7025/_blazor/negotiate?negotiateVersion=1 - 200 316 application/json 21.2944ms
2024-08-01 12:02:07.017 +08:00 [INF] Request starting HTTP/2 CONNECT https://localhost:7025/_blazor?id=vOBojPm-ZUHwy6MWGVlp3A - null null
2024-08-01 12:02:07.024 +08:00 [INF] Executing endpoint 'Microsoft.AspNetCore.Routing.RouteEndpoint'
2024-08-01 12:02:07.128 +08:00 [INF] Request starting HTTP/2 GET https://localhost:7025/img/mainLayout/logo-en.svg - null null
2024-08-01 12:02:07.129 +08:00 [INF] Request starting HTTP/2 GET https://localhost:7025/img/avatar/9.svg - null null
2024-08-01 12:02:07.129 +08:00 [INF] Request starting HTTP/2 GET https://localhost:7025/img/mainLayout/english.png - null null
2024-08-01 12:02:07.129 +08:00 [INF] Request starting HTTP/2 GET https://localhost:7025/img/mainLayout/language.png - null null
2024-08-01 12:02:07.150 +08:00 [INF] Request starting HTTP/2 GET https://localhost:7025/_content/MagicPropsComponents/fonts/fontawesome-webfont.woff2?v=4.7.0 - null null
2024-08-01 12:02:07.201 +08:00 [INF] Request starting HTTP/2 GET https://localhost:7025/dashboard - null null
2024-08-01 12:02:07.129 +08:00 [INF] Request starting HTTP/2 GET https://localhost:7025/img/mainLayout/china.png - null null
2024-08-01 12:02:07.175 +08:00 [INF] Sending file. Request path: '/img/mainLayout/logo-en.svg'. Physical path: 'C:\Users\jameson\source\repos\ShinetechFZ\orchard_saas_admin\OrchardCore.Cms.SaasAdmin\src\Blazor.Admin.Web\wwwroot\img\mainLayout\logo-en.svg'
2024-08-01 12:02:07.239 +08:00 [INF] Sending file. Request path: '/_content/MagicPropsComponents/fonts/fontawesome-webfont.woff2'. Physical path: 'C:\Users\jameson\source\repos\ShinetechFZ\orchard_saas_admin\OrchardCore.Cms.SaasAdmin\MagicPropsComponents\wwwroot\fonts\fontawesome-webfont.woff2'
2024-08-01 12:02:07.256 +08:00 [INF] Sending file. Request path: '/img/mainLayout/china.png'. Physical path: 'C:\Users\jameson\source\repos\ShinetechFZ\orchard_saas_admin\OrchardCore.Cms.SaasAdmin\src\Blazor.Admin.Web\wwwroot\img\mainLayout\china.png'
2024-08-01 12:02:07.258 +08:00 [INF] Request finished HTTP/2 GET https://localhost:7025/_content/MagicPropsComponents/fonts/fontawesome-webfont.woff2?v=4.7.0 - 200 77160 font/woff2 107.2038ms
2024-08-01 12:02:07.273 +08:00 [INF] Executing endpoint '/dashboard (/dashboard)'
2024-08-01 12:02:07.273 +08:00 [INF] Request finished HTTP/2 GET https://localhost:7025/img/mainLayout/china.png - 200 836 image/png 143.6249ms
2024-08-01 12:02:07.253 +08:00 [INF] Request finished HTTP/2 GET https://localhost:7025/img/mainLayout/logo-en.svg - 200 827 image/svg+xml 125.1992ms
2024-08-01 12:02:07.333 +08:00 [INF] Executed endpoint '/dashboard (/dashboard)'
2024-08-01 12:02:07.190 +08:00 [INF] Sending file. Request path: '/img/mainLayout/english.png'. Physical path: 'C:\Users\jameson\source\repos\ShinetechFZ\orchard_saas_admin\OrchardCore.Cms.SaasAdmin\src\Blazor.Admin.Web\wwwroot\img\mainLayout\english.png'
2024-08-01 12:02:07.353 +08:00 [INF] Request finished HTTP/2 GET https://localhost:7025/img/mainLayout/english.png - 200 1414 image/png 224.4048ms
2024-08-01 12:02:07.349 +08:00 [INF] Request finished HTTP/2 GET https://localhost:7025/dashboard - 200 null text/html; charset=utf-8 147.7236ms
2024-08-01 12:02:07.203 +08:00 [INF] Sending file. Request path: '/img/mainLayout/language.png'. Physical path: 'C:\Users\jameson\source\repos\ShinetechFZ\orchard_saas_admin\OrchardCore.Cms.SaasAdmin\src\Blazor.Admin.Web\wwwroot\img\mainLayout\language.png'
2024-08-01 12:02:07.208 +08:00 [INF] Sending file. Request path: '/img/avatar/9.svg'. Physical path: 'C:\Users\jameson\source\repos\ShinetechFZ\orchard_saas_admin\OrchardCore.Cms.SaasAdmin\src\Blazor.Admin.Web\wwwroot\img\avatar\9.svg'
2024-08-01 12:02:07.365 +08:00 [INF] Request finished HTTP/2 GET https://localhost:7025/img/mainLayout/language.png - 200 1933 image/png 236.2522ms
2024-08-01 12:02:07.367 +08:00 [INF] Request finished HTTP/2 GET https://localhost:7025/img/avatar/9.svg - 200 6280 image/svg+xml 238.3269ms
2024-08-01 12:02:09.613 +08:00 [INF] Request starting HTTP/2 GET https://localhost:7025/users - null null
2024-08-01 12:02:09.672 +08:00 [INF] Executing endpoint '/users (/users)'
2024-08-01 12:02:09.693 +08:00 [INF] Executed endpoint '/users (/users)'
2024-08-01 12:02:09.708 +08:00 [INF] Request finished HTTP/2 GET https://localhost:7025/users - 200 null text/html; charset=utf-8 95.0735ms
2024-08-01 12:02:09.824 +08:00 [INF] Request starting HTTP/2 GET https://localhost:7025/_content/MagicPropsComponents/svgs/primary/pager-lastpage-disabled.svg - null null
2024-08-01 12:02:09.825 +08:00 [INF] Request starting HTTP/2 GET https://localhost:7025/_content/MagicPropsComponents/svgs/primary/pager-pre-page-disabled.svg - null null
2024-08-01 12:02:09.824 +08:00 [INF] Request starting HTTP/2 GET https://localhost:7025/_content/MagicPropsComponents/svgs/primary/pager-firstpage-disabled.svg - null null
2024-08-01 12:02:09.846 +08:00 [INF] The file /_content/MagicPropsComponents/svgs/primary/pager-pre-page-disabled.svg was not modified
2024-08-01 12:02:09.851 +08:00 [INF] The file /_content/MagicPropsComponents/svgs/primary/pager-firstpage-disabled.svg was not modified
2024-08-01 12:02:09.855 +08:00 [INF] Request finished HTTP/2 GET https://localhost:7025/_content/MagicPropsComponents/svgs/primary/pager-pre-page-disabled.svg - 304 null image/svg+xml 30.8365ms
2024-08-01 12:02:09.874 +08:00 [INF] Request starting HTTP/2 GET https://localhost:7025/_content/MagicPropsComponents/svgs/primary/filter.svg - null null
2024-08-01 12:02:09.869 +08:00 [INF] Request starting HTTP/2 GET https://localhost:7025/_content/MagicPropsComponents/svgs/primary/sort-unsorted.svg - null null
2024-08-01 12:02:09.883 +08:00 [INF] The file /_content/MagicPropsComponents/svgs/primary/filter.svg was not modified
2024-08-01 12:02:09.889 +08:00 [INF] The file /_content/MagicPropsComponents/svgs/primary/sort-unsorted.svg was not modified
2024-08-01 12:02:09.902 +08:00 [INF] Request finished HTTP/2 GET https://localhost:7025/_content/MagicPropsComponents/svgs/primary/filter.svg - 304 null image/svg+xml 28.3537ms
2024-08-01 12:02:09.908 +08:00 [INF] Request finished HTTP/2 GET https://localhost:7025/_content/MagicPropsComponents/svgs/primary/sort-unsorted.svg - 304 null image/svg+xml 39.4803ms
2024-08-01 12:02:09.860 +08:00 [INF] Request finished HTTP/2 GET https://localhost:7025/_content/MagicPropsComponents/svgs/primary/pager-firstpage-disabled.svg - 304 null image/svg+xml 36.5542ms
2024-08-01 12:02:09.824 +08:00 [INF] Request starting HTTP/2 GET https://localhost:7025/_content/MagicPropsComponents/svgs/primary/pager-next-page-disabled.svg - null null
2024-08-01 12:02:09.836 +08:00 [INF] The file /_content/MagicPropsComponents/svgs/primary/pager-lastpage-disabled.svg was not modified
2024-08-01 12:02:09.983 +08:00 [INF] The file /_content/MagicPropsComponents/svgs/primary/pager-next-page-disabled.svg was not modified
2024-08-01 12:02:09.985 +08:00 [INF] Request finished HTTP/2 GET https://localhost:7025/_content/MagicPropsComponents/svgs/primary/pager-lastpage-disabled.svg - 304 null image/svg+xml 160.956ms
2024-08-01 12:02:09.998 +08:00 [INF] Request finished HTTP/2 GET https://localhost:7025/_content/MagicPropsComponents/svgs/primary/pager-next-page-disabled.svg - 304 null image/svg+xml 173.5463ms
2024-08-01 12:11:21.934 +08:00 [INF] Request starting HTTP/2 POST https://localhost:7025/_blazor/disconnect - multipart/form-data; boundary=----WebKitFormBoundaryARpbwUoqr1j137wk 359
2024-08-01 12:11:21.949 +08:00 [INF] Executed endpoint 'Microsoft.AspNetCore.Routing.RouteEndpoint'
2024-08-01 12:11:22.029 +08:00 [INF] Request finished HTTP/2 CONNECT https://localhost:7025/_blazor?id=vOBojPm-ZUHwy6MWGVlp3A - 200 null null 555012.8139ms
2024-08-01 12:11:22.026 +08:00 [INF] Executing endpoint 'Microsoft.AspNetCore.Routing.RouteEndpoint'
2024-08-01 12:11:22.054 +08:00 [INF] Executed endpoint 'Microsoft.AspNetCore.Routing.RouteEndpoint'
2024-08-01 12:11:22.057 +08:00 [INF] Request finished HTTP/2 POST https://localhost:7025/_blazor/disconnect - 499 null null 122.7534ms
